Log file open, 03/21/21 17:20:56
LogInit: Display: Running engine for game: CamManager
LogPlatformFile: Not using cached read wrapper
LogTaskGraph: Started task graph with 5 named threads and 35 total threads with 3 sets of task threads.
LogStats: Stats thread started at 1.196506
LogD3D11RHI: Loaded GFSDK_Aftermath_Lib.x64.dll
LogICUInternationalization: ICU TimeZone Detection - Raw Offset: +1:00, Platform Override: ''
LogPluginManager: Mounting plugin Paper2D
LogPluginManager: Mounting plugin AISupport
LogPluginManager: Mounting plugin LightPropagationVolume
LogPluginManager: Mounting plugin CameraShakePreviewer
LogPluginManager: Mounting plugin ActorLayerUtilities
LogPluginManager: Mounting plugin AnimationSharing
LogPluginManager: Mounting plugin CLionSourceCodeAccess
LogPluginManager: Mounting plugin CodeLiteSourceCodeAccess
LogPluginManager: Mounting plugin GitSourceControl
LogPluginManager: Mounting plugin KDevelopSourceCodeAccess
LogPluginManager: Mounting plugin NullSourceCodeAccess
LogPluginManager: Mounting plugin PerforceSourceControl
LogPluginManager: Mounting plugin PlasticSourceControl
LogPluginManager: Mounting plugin RiderSourceCodeAccess
LogPluginManager: Mounting plugin SubversionSourceControl
LogPluginManager: Mounting plugin UObjectPlugin
LogPluginManager: Mounting plugin VisualStudioCodeSourceCodeAccess
LogPluginManager: Mounting plugin VisualStudioSourceCodeAccess
LogPluginManager: Mounting plugin XCodeSourceCodeAccess
LogPluginManager: Mounting plugin AssetManagerEditor
LogPluginManager: Mounting plugin CryptoKeys
LogPluginManager: Mounting plugin CurveEditorTools
LogPluginManager: Mounting plugin DataValidation
LogPluginManager: Mounting plugin EditorScriptingUtilities
LogPluginManager: Mounting plugin FacialAnimation
LogPluginManager: Mounting plugin GameplayTagsEditor
LogPluginManager: Mounting plugin GeometryMode
LogPluginManager: Mounting plugin MacGraphicsSwitching
LogPluginManager: Mounting plugin MaterialAnalyzer
LogPluginManager: Mounting plugin MobileLauncherProfileWizard
LogPluginManager: Mounting plugin PluginBrowser
LogPluginManager: Mounting plugin SpeedTreeImporter
LogPluginManager: Mounting plugin DatasmithContent
LogPluginManager: Mounting plugin VariantManagerContent
LogPluginManager: Mounting plugin AlembicImporter
LogPluginManager: Mounting plugin AutomationUtils
LogPluginManager: Mounting plugin BackChannel
LogPluginManager: Mounting plugin ChaosCloth
LogPluginManager: Mounting plugin ChaosClothEditor
LogPluginManager: Mounting plugin ChaosEditor
LogPluginManager: Mounting plugin ChaosNiagara
LogPluginManager: Mounting plugin ChaosSolverPlugin
LogPluginManager: Mounting plugin CharacterAI
LogPluginManager: Mounting plugin GeometryCache
LogPluginManager: Mounting plugin GeometryCollectionPlugin
LogPluginManager: Mounting plugin GeometryProcessing
LogPluginManager: Mounting plugin PlanarCut
LogPluginManager: Mounting plugin PlatformCrypto
LogPluginManager: Mounting plugin ProxyLODPlugin
LogPluginManager: Mounting plugin SkeletalReduction
LogPluginManager: Mounting plugin Niagara
LogPluginManager: Mounting plugin MagicLeap
LogPluginManager: Mounting plugin MagicLeapLightEstimation
LogPluginManager: Mounting plugin MagicLeapMedia
LogPluginManager: Mounting plugin MagicLeapPassableWorld
LogPluginManager: Mounting plugin MLSDK
LogPluginManager: Mounting plugin AndroidMedia
LogPluginManager: Mounting plugin AvfMedia
LogPluginManager: Mounting plugin ImgMedia
LogPluginManager: Mounting plugin MediaCompositing
LogPluginManager: Mounting plugin MediaPlayerEditor
LogPluginManager: Mounting plugin WebMMedia
LogPluginManager: Mounting plugin WmfMedia
LogPluginManager: Mounting plugin MeshPainting
LogPluginManager: Mounting plugin TcpMessaging
LogPluginManager: Mounting plugin UdpMessaging
LogPluginManager: Mounting plugin ActorSequence
LogPluginManager: Mounting plugin LevelSequenceEditor
LogPluginManager: Mounting plugin MatineeToLevelSequence
LogPluginManager: Mounting plugin MovieRenderPipeline
LogPluginManager: Mounting plugin TemplateSequence
LogPluginManager: Mounting plugin NetcodeUnitTest
LogPluginManager: Mounting plugin NUTUnrealEngine4
LogPluginManager: Mounting plugin OnlineSubsystemGooglePlay
LogPluginManager: Mounting plugin OnlineSubsystemIOS
LogPluginManager: Mounting plugin OnlineSubsystem
LogPluginManager: Mounting plugin OnlineSubsystemNull
LogPluginManager: Mounting plugin OnlineSubsystemUtils
LogPluginManager: Mounting plugin LauncherChunkInstaller
LogPluginManager: Mounting plugin AndroidDeviceProfileSelector
LogPluginManager: Mounting plugin AndroidMoviePlayer
LogPluginManager: Mounting plugin AndroidPermission
LogPluginManager: Mounting plugin AppleImageUtils
LogPluginManager: Mounting plugin AppleMoviePlayer
LogPluginManager: Mounting plugin ArchVisCharacter
LogPluginManager: Mounting plugin AssetTags
LogPluginManager: Mounting plugin AudioCapture
LogPluginManager: Mounting plugin CableComponent
LogPluginManager: Mounting plugin CustomMeshComponent
LogPluginManager: Mounting plugin EditableMesh
LogPluginManager: Mounting plugin ExampleDeviceProfileSelector
LogPluginManager: Mounting plugin GoogleCloudMessaging
LogPluginManager: Mounting plugin GooglePAD
LogPluginManager: Mounting plugin IOSDeviceProfileSelector
LogPluginManager: Mounting plugin LinuxDeviceProfileSelector
LogPluginManager: Mounting plugin LocationServicesBPLibrary
LogPluginManager: Mounting plugin MobilePatchingUtils
LogPluginManager: Mounting plugin OculusVR
LogPluginManager: Mounting plugin PhysXVehicles
LogPluginManager: Mounting plugin PostSplashScreen
LogPluginManager: Mounting plugin ProceduralMeshComponent
LogPluginManager: Mounting plugin RuntimePhysXCooking
LogPluginManager: Mounting plugin SignificanceManager
LogPluginManager: Mounting plugin SoundFields
LogPluginManager: Mounting plugin SteamVR
LogPluginManager: Mounting plugin Synthesis
LogPluginManager: Mounting plugin WebMMoviePlayer
LogPluginManager: Mounting plugin WindowsMoviePlayer
LogPluginManager: Mounting plugin ScreenshotTools
LogInit: Using libcurl 7.55.1-DEV
LogInit:  - built for x86_64-pc-win32
LogInit:  - supports SSL with OpenSSL/1.1.1
LogInit:  - supports HTTP deflate (compression) using libz 1.2.8
LogInit:  - other features:
LogInit:      CURL_VERSION_SSL
LogInit:      CURL_VERSION_LIBZ
LogInit:      CURL_VERSION_IPV6
LogInit:      CURL_VERSION_ASYNCHDNS
LogInit:      CURL_VERSION_LARGEFILE
LogInit:      CURL_VERSION_IDN
LogInit:  CurlRequestOptions (configurable via config and command line):
LogInit:  - bVerifyPeer = true  - Libcurl will verify peer certificate
LogInit:  - bUseHttpProxy = false  - Libcurl will NOT use HTTP proxy
LogInit:  - bDontReuseConnections = false  - Libcurl will reuse connections
LogInit:  - MaxHostConnections = 16  - Libcurl will limit the number of connections to a host
LogInit:  - LocalHostAddr = Default
LogInit:  - BufferSize = 65536
LogOnline: OSS: Creating online subsystem instance for: NULL
LogInit: WinSock: version 1.1 (2.2), MaxSocks=32767, MaxUdp=65467
LogOnline: OSS: TryLoadSubsystemAndSetDefault: Loaded subsystem for module [NULL]
LogInit: Build: ++UE4+Release-4.25-CL-14469661
LogInit: Engine Version: 4.25.4-14469661+++UE4+Release-4.25
LogInit: Compatible Engine Version: 4.25.0-13144385+++UE4+Release-4.25
LogInit: Net CL: 13144385
LogInit: OS: Windows 10 (Release 2004) (), CPU: Intel(R) Core(TM) i7-8750H CPU @ 2.20GHz, GPU: Intel(R) UHD Graphics 630
LogInit: Compiled (64-bit): Oct 11 2020 08:10:49
LogInit: Compiled with Visual C++: 19.24.28315.00
LogInit: Build Configuration: Development
LogInit: Branch Name: ++UE4+Release-4.25
LogInit: Command Line: 
LogInit: Base Directory: D:/Work/UE4/UE_4.25/Engine/Binaries/Win64/
LogInit: Allocator: TBB
LogInit: Installed Engine Build: 1
LogDevObjectVersion: Number of dev versions registered: 26
LogDevObjectVersion:   Dev-Blueprints (B0D832E4-1F89-4F0D-ACCF-7EB736FD4AA2): 10
LogDevObjectVersion:   Dev-Build (E1C64328-A22C-4D53-A36C-8E866417BD8C): 0
LogDevObjectVersion:   Dev-Core (375EC13C-06E4-48FB-B500-84F0262A717E): 4
LogDevObjectVersion:   Dev-Editor (E4B068ED-F494-42E9-A231-DA0B2E46BB41): 38
LogDevObjectVersion:   Dev-Framework (CFFC743F-43B0-4480-9391-14DF171D2073): 37
LogDevObjectVersion:   Dev-Mobile (B02B49B5-BB20-44E9-A304-32B752E40360): 2
LogDevObjectVersion:   Dev-Networking (A4E4105C-59A1-49B5-A7C5-40C4547EDFEE): 0
LogDevObjectVersion:   Dev-Online (39C831C9-5AE6-47DC-9A44-9C173E1C8E7C): 0
LogDevObjectVersion:   Dev-Physics (78F01B33-EBEA-4F98-B9B4-84EACCB95AA2): 4
LogDevObjectVersion:   Dev-Platform (6631380F-2D4D-43E0-8009-CF276956A95A): 0
LogDevObjectVersion:   Dev-Rendering (12F88B9F-8875-4AFC-A67C-D90C383ABD29): 43
LogDevObjectVersion:   Dev-Sequencer (7B5AE74C-D270-4C10-A958-57980B212A5A): 12
LogDevObjectVersion:   Dev-VR (D7296918-1DD6-4BDD-9DE2-64A83CC13884): 3
LogDevObjectVersion:   Dev-LoadTimes (C2A15278-BFE7-4AFE-6C17-90FF531DF755): 1
LogDevObjectVersion:   Private-Geometry (6EACA3D4-40EC-4CC1-B786-8BED09428FC5): 3
LogDevObjectVersion:   Dev-AnimPhys (29E575DD-E0A3-4627-9D10-D276232CDCEA): 17
LogDevObjectVersion:   Dev-Anim (AF43A65D-7FD3-4947-9873-3E8ED9C1BB05): 7
LogDevObjectVersion:   Dev-ReflectionCapture (6B266CEC-1EC7-4B8F-A30B-E4D90942FC07): 1
LogDevObjectVersion:   Dev-Automation (0DF73D61-A23F-47EA-B727-89E90C41499A): 1
LogDevObjectVersion:   FortniteMain (601D1886-AC64-4F84-AA16-D3DE0DEAC7D6): 31
LogDevObjectVersion:   Dev-Enterprise (9DFFBCD6-494F-0158-E221-12823C92A888): 10
LogDevObjectVersion:   Dev-Niagara (F2AED0AC-9AFE-416F-8664-AA7FFA26D6FC): 1
LogDevObjectVersion:   Dev-Destruction (174F1F0B-B4C6-45A5-B13F-2EE8D0FB917D): 10
LogDevObjectVersion:   Dev-Physics-Ext (35F94A83-E258-406C-A318-09F59610247C): 37
LogDevObjectVersion:   Dev-PhysicsMaterial-Chaos (B68FC16E-8B1B-42E2-B453-215C058844FE): 1
LogDevObjectVersion:   Dev-CineCamera (B2E18506-4273-CFC2-A54E-F4BB758BBA07): 1
LogInit: Presizing for max 25165824 objects, including 0 objects not considered by GC, pre-allocating 0 bytes for permanent pool.
LogConfig: Applying CVar settings from Section [/Script/Engine.StreamingSettings] File [D:/Work/P2/GitHub/UE4_Proj/CamManager_Move/CamManager/Saved/Config/Windows/Engine.ini]
LogConfig: Setting CVar [[s.MinBulkDataSizeForAsyncLoading:131072]]
LogConfig: Setting CVar [[s.AsyncLoadingThreadEnabled:0]]
LogConfig: Setting CVar [[s.EventDrivenLoaderEnabled:1]]
LogConfig: Setting CVar [[s.WarnIfTimeLimitExceeded:0]]
LogConfig: Setting CVar [[s.TimeLimitExceededMultiplier:1.5]]
LogConfig: Setting CVar [[s.TimeLimitExceededMinTime:0.005]]
LogConfig: Setting CVar [[s.UseBackgroundLevelStreaming:1]]
LogConfig: Setting CVar [[s.PriorityAsyncLoadingExtraTime:15.0]]
LogConfig: Setting CVar [[s.LevelStreamingActorsUpdateTimeLimit:5.0]]
LogConfig: Setting CVar [[s.PriorityLevelStreamingActorsUpdateExtraTime:5.0]]
LogConfig: Setting CVar [[s.LevelStreamingComponentsRegistrationGranularity:10]]
LogConfig: Setting CVar [[s.UnregisterComponentsTimeLimit:1.0]]
LogConfig: Setting CVar [[s.LevelStreamingComponentsUnregistrationGranularity:5]]
LogConfig: Setting CVar [[s.FlushStreamingOnExit:1]]
LogInit: Object subsystem initialized
LogConfig: Setting CVar [[con.DebugEarlyDefault:1]]
LogConfig: Setting CVar [[r.setres:1280x720]]
[2021.03.21-16.20.58:969][  0]LogConfig: Setting CVar [[r.VSync:0]]
[2021.03.21-16.20.58:969][  0]LogConfig: Setting CVar [[r.RHICmdBypass:0]]
[2021.03.21-16.20.58:969][  0]LogConfig: Applying CVar settings from Section [/Script/Engine.RendererSettings] File [D:/Work/P2/GitHub/UE4_Proj/CamManager_Move/CamManager/Saved/Config/Windows/Engine.ini]
[2021.03.21-16.20.58:969][  0]LogConfig: Setting CVar [[r.GPUCrashDebugging:0]]
[2021.03.21-16.20.58:969][  0]LogConfig: Applying CVar settings from Section [/Script/Engine.RendererOverrideSettings] File [D:/Work/P2/GitHub/UE4_Proj/CamManager_Move/CamManager/Saved/Config/Windows/Engine.ini]
[2021.03.21-16.20.58:969][  0]LogConfig: Applying CVar settings from Section [/Script/Engine.StreamingSettings] File [D:/Work/P2/GitHub/UE4_Proj/CamManager_Move/CamManager/Saved/Config/Windows/Engine.ini]
[2021.03.21-16.20.58:969][  0]LogConfig: Setting CVar [[s.MinBulkDataSizeForAsyncLoading:131072]]
[2021.03.21-16.20.58:969][  0]LogConfig: Setting CVar [[s.AsyncLoadingThreadEnabled:0]]
[2021.03.21-16.20.58:969][  0]LogConfig: Setting CVar [[s.EventDrivenLoaderEnabled:1]]
[2021.03.21-16.20.58:969][  0]LogConfig: Setting CVar [[s.WarnIfTimeLimitExceeded:0]]
[2021.03.21-16.20.58:969][  0]LogConfig: Setting CVar [[s.TimeLimitExceededMultiplier:1.5]]
[2021.03.21-16.20.58:969][  0]LogConfig: Setting CVar [[s.TimeLimitExceededMinTime:0.005]]
[2021.03.21-16.20.58:969][  0]LogConfig: Setting CVar [[s.UseBackgroundLevelStreaming:1]]
[2021.03.21-16.20.58:969][  0]LogConfig: Setting CVar [[s.PriorityAsyncLoadingExtraTime:15.0]]
[2021.03.21-16.20.58:969][  0]LogConfig: Setting CVar [[s.LevelStreamingActorsUpdateTimeLimit:5.0]]
[2021.03.21-16.20.58:969][  0]LogConfig: Setting CVar [[s.PriorityLevelStreamingActorsUpdateExtraTime:5.0]]
[2021.03.21-16.20.58:969][  0]LogConfig: Setting CVar [[s.LevelStreamingComponentsRegistrationGranularity:10]]
[2021.03.21-16.20.58:969][  0]LogConfig: Setting CVar [[s.UnregisterComponentsTimeLimit:1.0]]
[2021.03.21-16.20.58:969][  0]LogConfig: Setting CVar [[s.LevelStreamingComponentsUnregistrationGranularity:5]]
[2021.03.21-16.20.58:969][  0]LogConfig: Setting CVar [[s.FlushStreamingOnExit:1]]
[2021.03.21-16.20.58:969][  0]LogConfig: Applying CVar settings from Section [/Script/Engine.GarbageCollectionSettings] File [D:/Work/P2/GitHub/UE4_Proj/CamManager_Move/CamManager/Saved/Config/Windows/Engine.ini]
[2021.03.21-16.20.58:969][  0]LogConfig: Setting CVar [[gc.MaxObjectsNotConsideredByGC:1]]
[2021.03.21-16.20.58:969][  0]LogConfig: Setting CVar [[gc.SizeOfPermanentObjectPool:0]]
[2021.03.21-16.20.58:969][  0]LogConfig: Setting CVar [[gc.FlushStreamingOnGC:0]]
[2021.03.21-16.20.58:969][  0]LogConfig: Setting CVar [[gc.NumRetriesBeforeForcingGC:10]]
[2021.03.21-16.20.58:969][  0]LogConfig: Setting CVar [[gc.AllowParallelGC:1]]
[2021.03.21-16.20.58:969][  0]LogConfig: Setting CVar [[gc.TimeBetweenPurgingPendingKillObjects:61.1]]
[2021.03.21-16.20.58:969][  0]LogConfig: Setting CVar [[gc.MaxObjectsInEditor:25165824]]
[2021.03.21-16.20.58:969][  0]LogConfig: Setting CVar [[gc.IncrementalBeginDestroyEnabled:1]]
[2021.03.21-16.20.58:969][  0]LogConfig: Setting CVar [[gc.CreateGCClusters:1]]
[2021.03.21-16.20.58:969][  0]LogConfig: Setting CVar [[gc.MinGCClusterSize:5]]
[2021.03.21-16.20.58:969][  0]LogConfig: Setting CVar [[gc.ActorClusteringEnabled:0]]
[2021.03.21-16.20.58:969][  0]LogConfig: Setting CVar [[gc.BlueprintClusteringEnabled:0]]
[2021.03.21-16.20.58:969][  0]LogConfig: Setting CVar [[gc.UseDisregardForGCOnDedicatedServers:0]]
[2021.03.21-16.20.58:969][  0]LogConfig: Applying CVar settings from Section [/Script/Engine.NetworkSettings] File [D:/Work/P2/GitHub/UE4_Proj/CamManager_Move/CamManager/Saved/Config/Windows/Engine.ini]
[2021.03.21-16.20.58:969][  0]LogConfig: Applying CVar settings from Section [/Script/UnrealEd.CookerSettings] File [D:/Work/P2/GitHub/UE4_Proj/CamManager_Move/CamManager/Saved/Config/Windows/Engine.ini]
[2021.03.21-16.20.58:975][  0]LogConfig: Applying CVar settings from Section [ViewDistanceQuality@3] File [D:/Work/P2/GitHub/UE4_Proj/CamManager_Move/CamManager/Saved/Config/Windows/Scalability.ini]
[2021.03.21-16.20.58:976][  0]LogConfig: Setting CVar [[r.SkeletalMeshLODBias:0]]
[2021.03.21-16.20.58:976][  0]LogConfig: Setting CVar [[r.ViewDistanceScale:1.0]]
[2021.03.21-16.20.58:976][  0]LogConfig: Applying CVar settings from Section [AntiAliasingQuality@3] File [D:/Work/P2/GitHub/UE4_Proj/CamManager_Move/CamManager/Saved/Config/Windows/Scalability.ini]
[2021.03.21-16.20.58:976][  0]LogConfig: Setting CVar [[r.PostProcessAAQuality:4]]
[2021.03.21-16.20.58:976][  0]LogConfig: Applying CVar settings from Section [ShadowQuality@3] File [D:/Work/P2/GitHub/UE4_Proj/CamManager_Move/CamManager/Saved/Config/Windows/Scalability.ini]
[2021.03.21-16.20.58:976][  0]LogConfig: Setting CVar [[r.LightFunctionQuality:1]]
[2021.03.21-16.20.58:976][  0]LogConfig: Setting CVar [[r.ShadowQuality:5]]
[2021.03.21-16.20.58:976][  0]LogConfig: Setting CVar [[r.Shadow.CSM.MaxCascades:10]]
[2021.03.21-16.20.58:976][  0]LogConfig: Setting CVar [[r.Shadow.MaxResolution:2048]]
[2021.03.21-16.20.58:976][  0]LogConfig: Setting CVar [[r.Shadow.MaxCSMResolution:2048]]
[2021.03.21-16.20.58:976][  0]LogConfig: Setting CVar [[r.Shadow.RadiusThreshold:0.01]]
[2021.03.21-16.20.58:976][  0]LogConfig: Setting CVar [[r.Shadow.DistanceScale:1.0]]
[2021.03.21-16.20.58:976][  0]LogConfig: Setting CVar [[r.Shadow.CSM.TransitionScale:1.0]]
[2021.03.21-16.20.58:976][  0]LogConfig: Setting CVar [[r.Shadow.PreShadowResolutionFactor:1.0]]
[2021.03.21-16.20.58:976][  0]LogConfig: Setting CVar [[r.DistanceFieldShadowing:1]]
[2021.03.21-16.20.58:976][  0]LogConfig: Setting CVar [[r.DistanceFieldAO:1]]
[2021.03.21-16.20.58:976][  0]LogConfig: Setting CVar [[r.AOQuality:2]]
[2021.03.21-16.20.58:976][  0]LogConfig: Setting CVar [[r.VolumetricFog:1]]
[2021.03.21-16.20.58:976][  0]LogConfig: Setting CVar [[r.VolumetricFog.GridPixelSize:8]]
[2021.03.21-16.20.58:976][  0]LogConfig: Setting CVar [[r.VolumetricFog.GridSizeZ:128]]
[2021.03.21-16.20.58:976][  0]LogConfig: Setting CVar [[r.VolumetricFog.HistoryMissSupersampleCount:4]]
[2021.03.21-16.20.58:976][  0]LogConfig: Setting CVar [[r.LightMaxDrawDistanceScale:1]]
[2021.03.21-16.20.58:976][  0]LogConfig: Setting CVar [[r.CapsuleShadows:1]]
[2021.03.21-16.20.58:976][  0]LogConfig: Applying CVar settings from Section [PostProcessQuality@3] File [D:/Work/P2/GitHub/UE4_Proj/CamManager_Move/CamManager/Saved/Config/Windows/Scalability.ini]
[2021.03.21-16.20.58:976][  0]LogConfig: Setting CVar [[r.MotionBlurQuality:4]]
[2021.03.21-16.20.58:976][  0]LogConfig: Setting CVar [[r.AmbientOcclusionMipLevelFactor:0.4]]
[2021.03.21-16.20.58:976][  0]LogConfig: Setting CVar [[r.AmbientOcclusionMaxQuality:100]]
[2021.03.21-16.20.58:976][  0]LogConfig: Setting CVar [[r.AmbientOcclusionLevels:-1]]
[2021.03.21-16.20.58:976][  0]LogConfig: Setting CVar [[r.AmbientOcclusionRadiusScale:1.0]]
[2021.03.21-16.20.58:976][  0]LogConfig: Setting CVar [[r.DepthOfFieldQuality:2]]
[2021.03.21-16.20.58:976][  0]LogConfig: Setting CVar [[r.RenderTargetPoolMin:400]]
[2021.03.21-16.20.58:976][  0]LogConfig: Setting CVar [[r.LensFlareQuality:2]]
[2021.03.21-16.20.58:976][  0]LogConfig: Setting CVar [[r.SceneColorFringeQuality:1]]
[2021.03.21-16.20.58:976][  0]LogConfig: Setting CVar [[r.EyeAdaptationQuality:2]]
[2021.03.21-16.20.58:976][  0]LogConfig: Setting CVar [[r.BloomQuality:5]]
[2021.03.21-16.20.58:976][  0]LogConfig: Setting CVar [[r.FastBlurThreshold:100]]
[2021.03.21-16.20.58:976][  0]LogConfig: Setting CVar [[r.Upscale.Quality:3]]
[2021.03.21-16.20.58:976][  0]LogConfig: Setting CVar [[r.Tonemapper.GrainQuantization:1]]
[2021.03.21-16.20.58:976][  0]LogConfig: Setting CVar [[r.LightShaftQuality:1]]
[2021.03.21-16.20.58:976][  0]LogConfig: Setting CVar [[r.Filter.SizeScale:1]]
[2021.03.21-16.20.58:976][  0]LogConfig: Setting CVar [[r.Tonemapper.Quality:5]]
[2021.03.21-16.20.58:976][  0]LogConfig: Setting CVar [[r.DOF.Gather.AccumulatorQuality:1        ; higher gathering accumulator quality]]
[2021.03.21-16.20.58:976][  0]LogConfig: Setting CVar [[r.DOF.Gather.PostfilterMethod:1          ; Median3x3 postfilering method]]
[2021.03.21-16.20.58:976][  0]LogConfig: Setting CVar [[r.DOF.Gather.EnableBokehSettings:0       ; no bokeh simulation when gathering]]
[2021.03.21-16.20.58:976][  0]LogConfig: Setting CVar [[r.DOF.Gather.RingCount:4                 ; medium number of samples when gathering]]
[2021.03.21-16.20.58:976][  0]LogConfig: Setting CVar [[r.DOF.Scatter.ForegroundCompositing:1    ; additive foreground scattering]]
[2021.03.21-16.20.58:976][  0]LogConfig: Setting CVar [[r.DOF.Scatter.BackgroundCompositing:2    ; additive background scattering]]
[2021.03.21-16.20.58:976][  0]LogConfig: Setting CVar [[r.DOF.Scatter.EnableBokehSettings:1      ; bokeh simulation when scattering]]
[2021.03.21-16.20.58:976][  0]LogConfig: Setting CVar [[r.DOF.Scatter.MaxSpriteRatio:0.1         ; only a maximum of 10% of scattered bokeh]]
[2021.03.21-16.20.58:976][  0]LogConfig: Setting CVar [[r.DOF.Recombine.Quality:1                ; cheap slight out of focus]]
[2021.03.21-16.20.58:976][  0]LogConfig: Setting CVar [[r.DOF.Recombine.EnableBokehSettings:0    ; no bokeh simulation on slight out of focus]]
[2021.03.21-16.20.58:976][  0]LogConfig: Setting CVar [[r.DOF.TemporalAAQuality:1                ; more stable temporal accumulation]]
[2021.03.21-16.20.58:976][  0]LogConfig: Setting CVar [[r.DOF.Kernel.MaxForegroundRadius:0.025]]
[2021.03.21-16.20.58:976][  0]LogConfig: Setting CVar [[r.DOF.Kernel.MaxBackgroundRadius:0.025]]
[2021.03.21-16.20.58:976][  0]LogConfig: Applying CVar settings from Section [TextureQuality@3] File [D:/Work/P2/GitHub/UE4_Proj/CamManager_Move/CamManager/Saved/Config/Windows/Scalability.ini]
[2021.03.21-16.20.58:976][  0]LogConfig: Setting CVar [[r.Streaming.MipBias:0]]
[2021.03.21-16.20.58:976][  0]LogConfig: Setting CVar [[r.Streaming.AmortizeCPUToGPUCopy:0]]
[2021.03.21-16.20.58:976][  0]LogConfig: Setting CVar [[r.Streaming.MaxNumTexturesToStreamPerFrame:0]]
[2021.03.21-16.20.58:976][  0]LogConfig: Setting CVar [[r.Streaming.Boost:1]]
[2021.03.21-16.20.58:976][  0]LogConfig: Setting CVar [[r.MaxAnisotropy:8]]
[2021.03.21-16.20.58:976][  0]LogConfig: Setting CVar [[r.VT.MaxAnisotropy:8]]
[2021.03.21-16.20.58:976][  0]LogConfig: Setting CVar [[r.Streaming.LimitPoolSizeToVRAM:0]]
[2021.03.21-16.20.58:977][  0]LogConfig: Setting CVar [[r.Streaming.PoolSize:1000]]
[2021.03.21-16.20.58:977][  0]LogConfig: Setting CVar [[r.Streaming.MaxEffectiveScreenSize:0]]
[2021.03.21-16.20.58:977][  0]LogConfig: Applying CVar settings from Section [EffectsQuality@3] File [D:/Work/P2/GitHub/UE4_Proj/CamManager_Move/CamManager/Saved/Config/Windows/Scalability.ini]
[2021.03.21-16.20.58:977][  0]LogConfig: Setting CVar [[r.TranslucencyLightingVolumeDim:64]]
[2021.03.21-16.20.58:977][  0]LogConfig: Setting CVar [[r.RefractionQuality:2]]
[2021.03.21-16.20.58:977][  0]LogConfig: Setting CVar [[r.SSR.Quality:3]]
[2021.03.21-16.20.58:977][  0]LogConfig: Setting CVar [[r.SSR.HalfResSceneColor:0]]
[2021.03.21-16.20.58:977][  0]LogConfig: Setting CVar [[r.SceneColorFormat:4]]
[2021.03.21-16.20.58:977][  0]LogConfig: Setting CVar [[r.DetailMode:2]]
[2021.03.21-16.20.58:977][  0]LogConfig: Setting CVar [[r.TranslucencyVolumeBlur:1]]
[2021.03.21-16.20.58:977][  0]LogConfig: Setting CVar [[r.MaterialQualityLevel:1 ; High quality]]
[2021.03.21-16.20.58:977][  0]LogConfig: Setting CVar [[r.SSS.Scale:1]]
[2021.03.21-16.20.58:977][  0]LogConfig: Setting CVar [[r.SSS.SampleSet:2]]
[2021.03.21-16.20.58:977][  0]LogConfig: Setting CVar [[r.SSS.Quality:1]]
[2021.03.21-16.20.58:977][  0]LogConfig: Setting CVar [[r.SSS.HalfRes:0]]
[2021.03.21-16.20.58:977][  0]LogConfig: Setting CVar [[r.SSGI.Quality:3]]
[2021.03.21-16.20.58:977][  0]LogConfig: Setting CVar [[r.EmitterSpawnRateScale:1.0]]
[2021.03.21-16.20.58:977][  0]LogConfig: Setting CVar [[r.ParticleLightQuality:2]]
[2021.03.21-16.20.58:977][  0]LogConfig: Setting CVar [[r.SkyAtmosphere.AerialPerspectiveLUT.FastApplyOnOpaque:1 ; Always have FastSkyLUT 1 in this case to avoid wrong sky]]
[2021.03.21-16.20.58:977][  0]LogConfig: Setting CVar [[r.SkyAtmosphere.AerialPerspectiveLUT.SampleCountPerSlice:1]]
[2021.03.21-16.20.58:977][  0]LogConfig: Setting CVar [[r.SkyAtmosphere.AerialPerspectiveLUT.DepthResolution:16.0]]
[2021.03.21-16.20.58:977][  0]LogConfig: Setting CVar [[r.SkyAtmosphere.FastSkyLUT:1]]
[2021.03.21-16.20.58:977][  0]LogConfig: Setting CVar [[r.SkyAtmosphere.FastSkyLUT.SampleCountMin:4.0]]
[2021.03.21-16.20.58:977][  0]LogConfig: Setting CVar [[r.SkyAtmosphere.FastSkyLUT.SampleCountMax:32.0]]
[2021.03.21-16.20.58:977][  0]LogConfig: Setting CVar [[r.SkyAtmosphere.SampleCountMin:4.0]]
[2021.03.21-16.20.58:977][  0]LogConfig: Setting CVar [[r.SkyAtmosphere.SampleCountMax:32.0]]
[2021.03.21-16.20.58:977][  0]LogConfig: Setting CVar [[r.SkyAtmosphere.TransmittanceLUT.UseSmallFormat:0]]
[2021.03.21-16.20.58:977][  0]LogConfig: Setting CVar [[r.SkyAtmosphere.TransmittanceLUT.SampleCount:10.0]]
[2021.03.21-16.20.58:977][  0]LogConfig: Setting CVar [[r.SkyAtmosphere.MultiScatteringLUT.SampleCount:15.0]]
[2021.03.21-16.20.58:977][  0]LogConfig: Applying CVar settings from Section [FoliageQuality@3] File [D:/Work/P2/GitHub/UE4_Proj/CamManager_Move/CamManager/Saved/Config/Windows/Scalability.ini]
[2021.03.21-16.20.58:977][  0]LogConfig: Setting CVar [[foliage.DensityScale:1.0]]
[2021.03.21-16.20.58:977][  0]LogConfig: Setting CVar [[grass.DensityScale:1.0]]
[2021.03.21-16.20.58:977][  0]LogConfig: Applying CVar settings from Section [ShadingQuality@3] File [D:/Work/P2/GitHub/UE4_Proj/CamManager_Move/CamManager/Saved/Config/Windows/Scalability.ini]
[2021.03.21-16.20.58:977][  0]LogConfig: Setting CVar [[r.HairStrands.SkyLighting.SampleCount:16]]
[2021.03.21-16.20.58:977][  0]LogConfig: Setting CVar [[r.HairStrands.SkyLighting.JitterIntegration:0]]
[2021.03.21-16.20.58:977][  0]LogConfig: Setting CVar [[r.HairStrands.SkyAO.SampleCount:16]]
[2021.03.21-16.20.58:977][  0]LogConfig: Setting CVar [[r.HairStrands.DeepShadow.SuperSampling:0]]
[2021.03.21-16.20.58:977][  0]LogConfig: Setting CVar [[r.HairStrands.VisibilityPPLL:0]]
[2021.03.21-16.20.58:977][  0]LogConfig: Setting CVar [[r.HairStrands.RasterizationScale:0.5]]
[2021.03.21-16.20.58:977][  0]LogConfig: Setting CVar [[r.HairStrands.VelocityRasterizationScale:1]]
[2021.03.21-16.20.58:977][  0]LogInit: Selected Device Profile: [Windows]
[2021.03.21-16.20.58:977][  0]LogInit: Applying CVar settings loaded from the selected device profile: [Windows]
[2021.03.21-16.20.58:977][  0]LogHAL: Display: Platform has ~ 16 GB [17016401920 / 17179869184 / 16], which maps to Larger [LargestMinGB=32, LargerMinGB=12, DefaultMinGB=8, SmallerMinGB=6, SmallestMinGB=0)
[2021.03.21-16.20.58:977][  0]LogInit: Going up to parent DeviceProfile []
[2021.03.21-16.20.58:977][  0]LogConfig: Applying CVar settings from Section [ViewDistanceQuality@3] File [D:/Work/P2/GitHub/UE4_Proj/CamManager_Move/CamManager/Saved/Config/Windows/Scalability.ini]
[2021.03.21-16.20.58:977][  0]LogConfig: Setting CVar [[r.SkeletalMeshLODBias:0]]
[2021.03.21-16.20.58:977][  0]LogConfig: Setting CVar [[r.ViewDistanceScale:1.0]]
[2021.03.21-16.20.58:977][  0]LogConfig: Applying CVar settings from Section [AntiAliasingQuality@3] File [D:/Work/P2/GitHub/UE4_Proj/CamManager_Move/CamManager/Saved/Config/Windows/Scalability.ini]
[2021.03.21-16.20.58:977][  0]LogConfig: Setting CVar [[r.PostProcessAAQuality:4]]
[2021.03.21-16.20.58:977][  0]LogConfig: Applying CVar settings from Section [ShadowQuality@3] File [D:/Work/P2/GitHub/UE4_Proj/CamManager_Move/CamManager/Saved/Config/Windows/Scalability.ini]
[2021.03.21-16.20.58:977][  0]LogConfig: Setting CVar [[r.LightFunctionQuality:1]]
[2021.03.21-16.20.58:977][  0]LogConfig: Setting CVar [[r.ShadowQuality:5]]
[2021.03.21-16.20.58:977][  0]LogConfig: Setting CVar [[r.Shadow.CSM.MaxCascades:10]]
[2021.03.21-16.20.58:977][  0]LogConfig: Setting CVar [[r.Shadow.MaxResolution:2048]]
[2021.03.21-16.20.58:977][  0]LogConfig: Setting CVar [[r.Shadow.MaxCSMResolution:2048]]
[2021.03.21-16.20.58:978][  0]LogConfig: Setting CVar [[r.Shadow.RadiusThreshold:0.01]]
[2021.03.21-16.20.58:978][  0]LogConfig: Setting CVar [[r.Shadow.DistanceScale:1.0]]
[2021.03.21-16.20.58:978][  0]LogConfig: Setting CVar [[r.Shadow.CSM.TransitionScale:1.0]]
[2021.03.21-16.20.58:978][  0]LogConfig: Setting CVar [[r.Shadow.PreShadowResolutionFactor:1.0]]
[2021.03.21-16.20.58:978][  0]LogConfig: Setting CVar [[r.DistanceFieldShadowing:1]]
[2021.03.21-16.20.58:978][  0]LogConfig: Setting CVar [[r.DistanceFieldAO:1]]
[2021.03.21-16.20.58:978][  0]LogConfig: Setting CVar [[r.AOQuality:2]]
[2021.03.21-16.20.58:978][  0]LogConfig: Setting CVar [[r.VolumetricFog:1]]
[2021.03.21-16.20.58:978][  0]LogConfig: Setting CVar [[r.VolumetricFog.GridPixelSize:8]]
[2021.03.21-16.20.58:978][  0]LogConfig: Setting CVar [[r.VolumetricFog.GridSizeZ:128]]
[2021.03.21-16.20.58:978][  0]LogConfig: Setting CVar [[r.VolumetricFog.HistoryMissSupersampleCount:4]]
[2021.03.21-16.20.58:978][  0]LogConfig: Setting CVar [[r.LightMaxDrawDistanceScale:1]]
[2021.03.21-16.20.58:978][  0]LogConfig: Setting CVar [[r.CapsuleShadows:1]]
[2021.03.21-16.20.58:978][  0]LogConfig: Applying CVar settings from Section [PostProcessQuality@3] File [D:/Work/P2/GitHub/UE4_Proj/CamManager_Move/CamManager/Saved/Config/Windows/Scalability.ini]
[2021.03.21-16.20.58:978][  0]LogConfig: Setting CVar [[r.MotionBlurQuality:4]]
[2021.03.21-16.20.58:978][  0]LogConfig: Setting CVar [[r.AmbientOcclusionMipLevelFactor:0.4]]
[2021.03.21-16.20.58:978][  0]LogConfig: Setting CVar [[r.AmbientOcclusionMaxQuality:100]]
[2021.03.21-16.20.58:978][  0]LogConfig: Setting CVar [[r.AmbientOcclusionLevels:-1]]
[2021.03.21-16.20.58:978][  0]LogConfig: Setting CVar [[r.AmbientOcclusionRadiusScale:1.0]]
[2021.03.21-16.20.58:978][  0]LogConfig: Setting CVar [[r.DepthOfFieldQuality:2]]
[2021.03.21-16.20.58:978][  0]LogConfig: Setting CVar [[r.RenderTargetPoolMin:400]]
[2021.03.21-16.20.58:978][  0]LogConfig: Setting CVar [[r.LensFlareQuality:2]]
[2021.03.21-16.20.58:978][  0]LogConfig: Setting CVar [[r.SceneColorFringeQuality:1]]
[2021.03.21-16.20.58:978][  0]LogConfig: Setting CVar [[r.EyeAdaptationQuality:2]]
[2021.03.21-16.20.58:978][  0]LogConfig: Setting CVar [[r.BloomQuality:5]]
[2021.03.21-16.20.58:978][  0]LogConfig: Setting CVar [[r.FastBlurThreshold:100]]
[2021.03.21-16.20.58:978][  0]LogConfig: Setting CVar [[r.Upscale.Quality:3]]
[2021.03.21-16.20.58:978][  0]LogConfig: Setting CVar [[r.Tonemapper.GrainQuantization:1]]
[2021.03.21-16.20.58:978][  0]LogConfig: Setting CVar [[r.LightShaftQuality:1]]
[2021.03.21-16.20.58:978][  0]LogConfig: Setting CVar [[r.Filter.SizeScale:1]]
[2021.03.21-16.20.58:978][  0]LogConfig: Setting CVar [[r.Tonemapper.Quality:5]]
[2021.03.21-16.20.58:978][  0]LogConfig: Setting CVar [[r.DOF.Gather.AccumulatorQuality:1        ; higher gathering accumulator quality]]
[2021.03.21-16.20.58:978][  0]LogConfig: Setting CVar [[r.DOF.Gather.PostfilterMethod:1          ; Median3x3 postfilering method]]
[2021.03.21-16.20.58:978][  0]LogConfig: Setting CVar [[r.DOF.Gather.EnableBokehSettings:0       ; no bokeh simulation when gathering]]
[2021.03.21-16.20.58:978][  0]LogConfig: Setting CVar [[r.DOF.Gather.RingCount:4                 ; medium number of samples when gathering]]
[2021.03.21-16.20.58:978][  0]LogConfig: Setting CVar [[r.DOF.Scatter.ForegroundCompositing:1    ; additive foreground scattering]]
[2021.03.21-16.20.58:978][  0]LogConfig: Setting CVar [[r.DOF.Scatter.BackgroundCompositing:2    ; additive background scattering]]
[2021.03.21-16.20.58:978][  0]LogConfig: Setting CVar [[r.DOF.Scatter.EnableBokehSettings:1      ; bokeh simulation when scattering]]
[2021.03.21-16.20.58:978][  0]LogConfig: Setting CVar [[r.DOF.Scatter.MaxSpriteRatio:0.1         ; only a maximum of 10% of scattered bokeh]]
[2021.03.21-16.20.58:978][  0]LogConfig: Setting CVar [[r.DOF.Recombine.Quality:1                ; cheap slight out of focus]]
[2021.03.21-16.20.58:978][  0]LogConfig: Setting CVar [[r.DOF.Recombine.EnableBokehSettings:0    ; no bokeh simulation on slight out of focus]]
[2021.03.21-16.20.58:978][  0]LogConfig: Setting CVar [[r.DOF.TemporalAAQuality:1                ; more stable temporal accumulation]]
[2021.03.21-16.20.58:978][  0]LogConfig: Setting CVar [[r.DOF.Kernel.MaxForegroundRadius:0.025]]
[2021.03.21-16.20.58:978][  0]LogConfig: Setting CVar [[r.DOF.Kernel.MaxBackgroundRadius:0.025]]
[2021.03.21-16.20.58:978][  0]LogConfig: Applying CVar settings from Section [TextureQuality@3] File [D:/Work/P2/GitHub/UE4_Proj/CamManager_Move/CamManager/Saved/Config/Windows/Scalability.ini]
[2021.03.21-16.20.58:978][  0]LogConfig: Setting CVar [[r.Streaming.MipBias:0]]
[2021.03.21-16.20.58:978][  0]LogConfig: Setting CVar [[r.Streaming.AmortizeCPUToGPUCopy:0]]
[2021.03.21-16.20.58:978][  0]LogConfig: Setting CVar [[r.Streaming.MaxNumTexturesToStreamPerFrame:0]]
[2021.03.21-16.20.58:978][  0]LogConfig: Setting CVar [[r.Streaming.Boost:1]]
[2021.03.21-16.20.58:978][  0]LogConfig: Setting CVar [[r.MaxAnisotropy:8]]
[2021.03.21-16.20.58:978][  0]LogConfig: Setting CVar [[r.VT.MaxAnisotropy:8]]
[2021.03.21-16.20.58:978][  0]LogConfig: Setting CVar [[r.Streaming.LimitPoolSizeToVRAM:0]]
[2021.03.21-16.20.58:978][  0]LogConfig: Setting CVar [[r.Streaming.PoolSize:1000]]
[2021.03.21-16.20.58:978][  0]LogConfig: Setting CVar [[r.Streaming.MaxEffectiveScreenSize:0]]
[2021.03.21-16.20.58:978][  0]LogConfig: Applying CVar settings from Section [EffectsQuality@3] File [D:/Work/P2/GitHub/UE4_Proj/CamManager_Move/CamManager/Saved/Config/Windows/Scalability.ini]
[2021.03.21-16.20.58:978][  0]LogConfig: Setting CVar [[r.TranslucencyLightingVolumeDim:64]]
[2021.03.21-16.20.58:978][  0]LogConfig: Setting CVar [[r.RefractionQuality:2]]
[2021.03.21-16.20.58:978][  0]LogConfig: Setting CVar [[r.SSR.Quality:3]]
[2021.03.21-16.20.58:978][  0]LogConfig: Setting CVar [[r.SSR.HalfResSceneColor:0]]
[2021.03.21-16.20.58:978][  0]LogConfig: Setting CVar [[r.SceneColorFormat:4]]
[2021.03.21-16.20.58:978][  0]LogConfig: Setting CVar [[r.DetailMode:2]]
[2021.03.21-16.20.58:978][  0]LogConfig: Setting CVar [[r.TranslucencyVolumeBlur:1]]
[2021.03.21-16.20.58:979][  0]LogConfig: Setting CVar [[r.MaterialQualityLevel:1 ; High quality]]
[2021.03.21-16.20.58:979][  0]LogConfig: Setting CVar [[r.SSS.Scale:1]]
[2021.03.21-16.20.58:979][  0]LogConfig: Setting CVar [[r.SSS.SampleSet:2]]
[2021.03.21-16.20.58:979][  0]LogConfig: Setting CVar [[r.SSS.Quality:1]]
[2021.03.21-16.20.58:979][  0]LogConfig: Setting CVar [[r.SSS.HalfRes:0]]
[2021.03.21-16.20.58:979][  0]LogConfig: Setting CVar [[r.SSGI.Quality:3]]
[2021.03.21-16.20.58:979][  0]LogConfig: Setting CVar [[r.EmitterSpawnRateScale:1.0]]
[2021.03.21-16.20.58:979][  0]LogConfig: Setting CVar [[r.ParticleLightQuality:2]]
[2021.03.21-16.20.58:979][  0]LogConfig: Setting CVar [[r.SkyAtmosphere.AerialPerspectiveLUT.FastApplyOnOpaque:1 ; Always have FastSkyLUT 1 in this case to avoid wrong sky]]
[2021.03.21-16.20.58:979][  0]LogConfig: Setting CVar [[r.SkyAtmosphere.AerialPerspectiveLUT.SampleCountPerSlice:1]]
[2021.03.21-16.20.58:979][  0]LogConfig: Setting CVar [[r.SkyAtmosphere.AerialPerspectiveLUT.DepthResolution:16.0]]
[2021.03.21-16.20.58:979][  0]LogConfig: Setting CVar [[r.SkyAtmosphere.FastSkyLUT:1]]
[2021.03.21-16.20.58:979][  0]LogConfig: Setting CVar [[r.SkyAtmosphere.FastSkyLUT.SampleCountMin:4.0]]
[2021.03.21-16.20.58:979][  0]LogConfig: Setting CVar [[r.SkyAtmosphere.FastSkyLUT.SampleCountMax:32.0]]
[2021.03.21-16.20.58:979][  0]LogConfig: Setting CVar [[r.SkyAtmosphere.SampleCountMin:4.0]]
[2021.03.21-16.20.58:979][  0]LogConfig: Setting CVar [[r.SkyAtmosphere.SampleCountMax:32.0]]
[2021.03.21-16.20.58:979][  0]LogConfig: Setting CVar [[r.SkyAtmosphere.TransmittanceLUT.UseSmallFormat:0]]
[2021.03.21-16.20.58:979][  0]LogConfig: Setting CVar [[r.SkyAtmosphere.TransmittanceLUT.SampleCount:10.0]]
[2021.03.21-16.20.58:979][  0]LogConfig: Setting CVar [[r.SkyAtmosphere.MultiScatteringLUT.SampleCount:15.0]]
[2021.03.21-16.20.58:979][  0]LogConfig: Applying CVar settings from Section [FoliageQuality@3] File [D:/Work/P2/GitHub/UE4_Proj/CamManager_Move/CamManager/Saved/Config/Windows/Scalability.ini]
[2021.03.21-16.20.58:979][  0]LogConfig: Setting CVar [[foliage.DensityScale:1.0]]
[2021.03.21-16.20.58:979][  0]LogConfig: Setting CVar [[grass.DensityScale:1.0]]
[2021.03.21-16.20.58:979][  0]LogConfig: Applying CVar settings from Section [ShadingQuality@3] File [D:/Work/P2/GitHub/UE4_Proj/CamManager_Move/CamManager/Saved/Config/Windows/Scalability.ini]
[2021.03.21-16.20.58:979][  0]LogConfig: Setting CVar [[r.HairStrands.SkyLighting.SampleCount:16]]
[2021.03.21-16.20.58:979][  0]LogConfig: Setting CVar [[r.HairStrands.SkyLighting.JitterIntegration:0]]
[2021.03.21-16.20.58:979][  0]LogConfig: Setting CVar [[r.HairStrands.SkyAO.SampleCount:16]]
[2021.03.21-16.20.58:979][  0]LogConfig: Setting CVar [[r.HairStrands.DeepShadow.SuperSampling:0]]
[2021.03.21-16.20.58:979][  0]LogConfig: Setting CVar [[r.HairStrands.VisibilityPPLL:0]]
[2021.03.21-16.20.58:979][  0]LogConfig: Setting CVar [[r.HairStrands.RasterizationScale:0.5]]
[2021.03.21-16.20.58:979][  0]LogConfig: Setting CVar [[r.HairStrands.VelocityRasterizationScale:1]]
[2021.03.21-16.20.58:979][  0]LogConfig: Applying CVar settings from Section [Startup] File [../../../Engine/Config/ConsoleVariables.ini]
[2021.03.21-16.20.58:996][  0]LogConfig: Setting CVar [[net.UseAdaptiveNetUpdateFrequency:0]]
[2021.03.21-16.20.58:996][  0]LogConfig: Setting CVar [[p.chaos.AllowCreatePhysxBodies:1]]
[2021.03.21-16.20.58:996][  0]LogConfig: Setting CVar [[fx.SkipVectorVMBackendOptimizations:1]]
[2021.03.21-16.20.58:996][  0]LogConfig: Applying CVar settings from Section [ConsoleVariables] File [D:/Work/P2/GitHub/UE4_Proj/CamManager_Move/CamManager/Saved/Config/Windows/Engine.ini]
[2021.03.21-16.20.58:996][  0]LogInit: Computer: MSI
[2021.03.21-16.20.58:996][  0]LogInit: User: Utilisateur
[2021.03.21-16.20.58:996][  0]LogInit: CPU Page size=4096, Cores=6
[2021.03.21-16.20.58:996][  0]LogInit: High frequency timer resolution =10.000000 MHz
[2021.03.21-16.20.58:996][  0]LogMemory: Memory total: Physical=15.8GB (16GB approx)
[2021.03.21-16.20.58:996][  0]LogMemory: Platform Memory Stats for Windows
[2021.03.21-16.20.58:996][  0]LogMemory: Process Physical Memory: 117.64 MB used, 117.64 MB peak
[2021.03.21-16.20.58:996][  0]LogMemory: Process Virtual Memory: 105.38 MB used, 105.38 MB peak
[2021.03.21-16.20.58:996][  0]LogMemory: Physical Memory: 12926.57 MB used,  3301.54 MB free, 16228.11 MB total
[2021.03.21-16.20.58:996][  0]LogMemory: Virtual Memory: 5174.93 MB used,  134212552.00 MB free, 134217728.00 MB total
[2021.03.21-16.20.59:051][  0]LogWindows: WindowsPlatformFeatures enabled
[2021.03.21-16.20.59:878][  0]LogInit: Physics initialised using underlying interface: PhysX
[2021.03.21-16.20.59:916][  0]LogInit: Using OS detected language (fr-FR).
[2021.03.21-16.20.59:916][  0]LogInit: Using OS detected locale (fr-FR).
[2021.03.21-16.21.00:078][  0]LogTextLocalizationManager: No specific localization for 'fr-FR' exists, so the 'fr' localization will be used.
[2021.03.21-16.21.00:079][  0]LogTextLocalizationResource: LocRes '../../../Engine/Content/Localization/Editor/fr/Editor.locres' could not be opened for reading!
[2021.03.21-16.21.00:079][  0]LogTextLocalizationResource: LocRes '../../../Engine/Content/Localization/EditorTutorials/fr/EditorTutorials.locres' could not be opened for reading!
[2021.03.21-16.21.00:079][  0]LogTextLocalizationResource: LocRes '../../../Engine/Content/Localization/Keywords/fr/Keywords.locres' could not be opened for reading!
[2021.03.21-16.21.00:079][  0]LogTextLocalizationResource: LocRes '../../../Engine/Content/Localization/Category/fr/Category.locres' could not be opened for reading!
[2021.03.21-16.21.00:087][  0]LogTextLocalizationResource: LocRes '../../../Engine/Content/Localization/ToolTips/fr/ToolTips.locres' could not be opened for reading!
[2021.03.21-16.21.00:120][  0]LogTextLocalizationResource: LocRes '../../../Engine/Content/Localization/PropertyNames/fr/PropertyNames.locres' could not be opened for reading!
[2021.03.21-16.21.00:120][  0]LogTextLocalizationResource: LocRes '../../../Engine/Content/Localization/Engine/fr/Engine.locres' could not be opened for reading!
[2021.03.21-16.21.00:225][  0]LogInit: Setting process to per monitor DPI aware
[2021.03.21-16.21.00:402][  0]LogSlate: New Slate User Created.  User Index 0, Is Virtual User: 0
[2021.03.21-16.21.00:402][  0]LogSlate: Slate User Registered.  User Index 0, Is Virtual User: 0
[2021.03.21-16.21.02:438][  0]LogHMD: Failed to initialize OpenVR with code 110
[2021.03.21-16.21.02:439][  0]LogD3D11RHI: D3D11 min allowed feature level: 11_0
[2021.03.21-16.21.02:439][  0]LogD3D11RHI: D3D11 max allowed feature level: 11_0
[2021.03.21-16.21.02:439][  0]LogD3D11RHI: D3D11 adapters:
[2021.03.21-16.21.02:575][  0]LogD3D11RHI:    0. 'NVIDIA GeForce RTX 2070' (Feature Level 11_0)
[2021.03.21-16.21.02:575][  0]LogD3D11RHI:       8031/0/8114 MB DedicatedVideo/DedicatedSystem/SharedSystem, Outputs:2, VendorId:0x10de
[2021.03.21-16.21.02:621][  0]LogD3D11RHI:    1. 'Intel(R) UHD Graphics 630' (Feature Level 11_0)
[2021.03.21-16.21.02:621][  0]LogD3D11RHI:       128/0/8114 MB DedicatedVideo/DedicatedSystem/SharedSystem, Outputs:0, VendorId:0x8086
[2021.03.21-16.21.02:625][  0]LogD3D11RHI:    2. 'Microsoft Basic Render Driver' (Feature Level 11_0)
[2021.03.21-16.21.02:625][  0]LogD3D11RHI:       0/0/8114 MB DedicatedVideo/DedicatedSystem/SharedSystem, Outputs:0, VendorId:0x1414
[2021.03.21-16.21.02:625][  0]LogD3D11RHI: Chosen D3D11 Adapter: 0
[2021.03.21-16.21.02:634][  0]LogD3D11RHI: Creating new Direct3DDevice
[2021.03.21-16.21.02:635][  0]LogD3D11RHI:     GPU DeviceId: 0x1f10 (for the marketing name, search the web for "GPU Device Id")
[2021.03.21-16.21.02:635][  0]LogWindows: EnumDisplayDevices:
[2021.03.21-16.21.02:635][  0]LogWindows:    0. 'Intel(R) UHD Graphics 630' (P:1 D:1)
[2021.03.21-16.21.02:635][  0]LogWindows:    1. 'Intel(R) UHD Graphics 630' (P:0 D:0)
[2021.03.21-16.21.02:635][  0]LogWindows:    2. 'Intel(R) UHD Graphics 630' (P:0 D:0)
[2021.03.21-16.21.02:636][  0]LogWindows:    3. 'NVIDIA GeForce RTX 2070' (P:0 D:1)
[2021.03.21-16.21.02:636][  0]LogWindows:    4. 'NVIDIA GeForce RTX 2070' (P:0 D:0)
[2021.03.21-16.21.02:636][  0]LogWindows:    5. 'NVIDIA GeForce RTX 2070' (P:0 D:0)
[2021.03.21-16.21.02:637][  0]LogWindows:    6. 'NVIDIA GeForce RTX 2070' (P:0 D:0)
[2021.03.21-16.21.02:637][  0]LogWindows: DebugString: PrimaryIsNotTheChoosenAdapter PrimaryIsNotTheChoosenAdapter PrimaryIsNotTheChoosenAdapter FoundDriverCount:4 
[2021.03.21-16.21.02:637][  0]LogD3D11RHI:     Adapter Name: NVIDIA GeForce RTX 2070
[2021.03.21-16.21.02:637][  0]LogD3D11RHI:   Driver Version: 461.92 (internal:27.21.14.6192, unified:461.92)
[2021.03.21-16.21.02:637][  0]LogD3D11RHI:      Driver Date: 3-10-2021
[2021.03.21-16.21.02:637][  0]LogRHI: Texture pool is 5621 MB (70% of 8031 MB)
[2021.03.21-16.21.02:730][  0]LogD3D11RHI: RHI has support for 64 bit atomics
[2021.03.21-16.21.02:730][  0]LogD3D11RHI: Async texture creation enabled
[2021.03.21-16.21.02:730][  0]LogD3D11RHI: Array index from any shader is supported
[2021.03.21-16.21.02:758][  0]LogD3D11RHI: GPU Timing Frequency: 1000.000000 (Debug: 2 1)
[2021.03.21-16.21.03:318][  0]LogTargetPlatformManager: Display: Loaded TargetPlatform 'AllDesktop'
[2021.03.21-16.21.03:452][  0]LogTargetPlatformManager: Display: Loaded TargetPlatform 'Android'
[2021.03.21-16.21.03:452][  0]LogTargetPlatformManager: Display: Loaded TargetPlatform 'Android_ASTC'
[2021.03.21-16.21.03:452][  0]LogTargetPlatformManager: Display: Loaded TargetPlatform 'Android_DXT'
[2021.03.21-16.21.03:452][  0]LogTargetPlatformManager: Display: Loaded TargetPlatform 'Android_ETC2'
[2021.03.21-16.21.03:452][  0]LogTargetPlatformManager: Display: Loaded TargetPlatform 'AndroidClient'
[2021.03.21-16.21.03:452][  0]LogTargetPlatformManager: Display: Loaded TargetPlatform 'Android_ASTCClient'
[2021.03.21-16.21.03:452][  0]LogTargetPlatformManager: Display: Loaded TargetPlatform 'Android_DXTClient'
[2021.03.21-16.21.03:452][  0]LogTargetPlatformManager: Display: Loaded TargetPlatform 'Android_ETC2Client'
[2021.03.21-16.21.03:453][  0]LogTargetPlatformManager: Display: Loaded TargetPlatform 'Android_Multi'
[2021.03.21-16.21.03:453][  0]LogTargetPlatformManager: Display: Loaded TargetPlatform 'Android_MultiClient'
[2021.03.21-16.21.03:617][  0]LogTargetPlatformManager: Display: Loaded TargetPlatform 'IOSClient'
[2021.03.21-16.21.03:617][  0]LogTargetPlatformManager: Display: Loaded TargetPlatform 'IOS'
[2021.03.21-16.21.03:716][  0]LogTargetPlatformManager: Display: Loaded TargetPlatform 'Linux'
[2021.03.21-16.21.03:763][  0]LogTargetPlatformManager: Display: Loaded TargetPlatform 'LinuxNoEditor'
[2021.03.21-16.21.03:818][  0]LogTargetPlatformManager: Display: Loaded TargetPlatform 'LinuxClient'
[2021.03.21-16.21.03:865][  0]LogTargetPlatformManager: Display: Loaded TargetPlatform 'LinuxServer'
[2021.03.21-16.21.03:884][  0]LogTargetPlatformManager: Display: Loaded TargetPlatform 'LinuxAArch64NoEditor'
[2021.03.21-16.21.03:962][  0]LogTargetPlatformManager: Display: Loaded TargetPlatform 'LinuxAArch64Client'
[2021.03.21-16.21.04:022][  0]LogTargetPlatformManager: Display: Loaded TargetPlatform 'LinuxAArch64Server'
[2021.03.21-16.21.04:131][  0]LogTargetPlatformManager: Display: Loaded TargetPlatform 'Lumin'
[2021.03.21-16.21.04:131][  0]LogTargetPlatformManager: Display: Loaded TargetPlatform 'LuminClient'
[2021.03.21-16.21.04:248][  0]LogTargetPlatformManager: Display: Loaded TargetPlatform 'TVOSClient'
[2021.03.21-16.21.04:248][  0]LogTargetPlatformManager: Display: Loaded TargetPlatform 'TVOS'
[2021.03.21-16.21.04:294][  0]LogTargetPlatformManager: Display: Loaded TargetPlatform 'WindowsNoEditor'
[2021.03.21-16.21.04:340][  0]LogTargetPlatformManager: Display: Loaded TargetPlatform 'Windows'
[2021.03.21-16.21.04:381][  0]LogTargetPlatformManager: Display: Loaded TargetPlatform 'WindowsClient'
[2021.03.21-16.21.04:437][  0]LogTargetPlatformManager: Display: Loaded TargetPlatform 'WindowsServer'
[2021.03.21-16.21.04:437][  0]LogTargetPlatformManager: Display: Building Assets For Windows
[2021.03.21-16.21.04:684][  0]LogAudioDebug: Display: Lib vorbis DLL was dynamically loaded.
[2021.03.21-16.21.05:582][  0]LogShaderCompilers: Guid format shader working directory is -9 characters bigger than the processId version (../../../../../P2/GitHub/UE4_Proj/CamManager_Move/CamManager/Intermediate/Shaders/WorkingDirectory/10604/).
[2021.03.21-16.21.05:582][  0]LogShaderCompilers: Cleaned the shader compiler working directory 'C:/Users/Utilisateur/AppData/Local/Temp/UnrealShaderWorkingDir/09A2325542D0E4236884D0B0F1CF712C/'.
[2021.03.21-16.21.05:606][  0]LogXGEController: Cannot use XGE Controller as Incredibuild is not installed on this machine.
[2021.03.21-16.21.05:607][  0]LogShaderCompilers: Cannot use XGE Shader Compiler as Incredibuild is not installed on this machine.
[2021.03.21-16.21.05:607][  0]LogShaderCompilers: Display: Using Local Shader Compiler.
[2021.03.21-16.21.09:703][  0]LogDerivedDataCache: Display: Max Cache Size: 512 MB
[2021.03.21-16.21.09:816][  0]LogDerivedDataCache: Loaded boot cache 0.11s 76MB C:/Users/Utilisateur/AppData/Local/UnrealEngine/4.25/DerivedDataCache/Boot.ddc.
[2021.03.21-16.21.09:816][  0]LogDerivedDataCache: Display: Loaded Boot cache: C:/Users/Utilisateur/AppData/Local/UnrealEngine/4.25/DerivedDataCache/Boot.ddc
[2021.03.21-16.21.09:816][  0]LogDerivedDataCache: FDerivedDataBackendGraph:  Pak pak cache file ../../../../../P2/GitHub/UE4_Proj/CamManager_Move/CamManager/DerivedDataCache/DDC.ddp not found, will not use a pak cache.
[2021.03.21-16.21.09:816][  0]LogDerivedDataCache: Unable to find inner node Pak for hierarchical cache Hierarchy.
[2021.03.21-16.21.09:816][  0]LogDerivedDataCache: FDerivedDataBackendGraph:  CompressedPak pak cache file ../../../../../P2/GitHub/UE4_Proj/CamManager_Move/CamManager/DerivedDataCache/Compressed.ddp not found, will not use a pak cache.
[2021.03.21-16.21.09:816][  0]LogDerivedDataCache: Unable to find inner node CompressedPak for hierarchical cache Hierarchy.
[2021.03.21-16.21.09:829][  0]LogDerivedDataCache: Display: Pak cache opened for reading ../../../Engine/DerivedDataCache/Compressed.ddp.
[2021.03.21-16.21.09:829][  0]LogDerivedDataCache: FDerivedDataBackendGraph:  EnterprisePak pak cache file ../../../Enterprise/DerivedDataCache/Compressed.ddp not found, will not use a pak cache.
[2021.03.21-16.21.09:829][  0]LogDerivedDataCache: Unable to find inner node EnterprisePak for hierarchical cache Hierarchy.
[2021.03.21-16.21.09:831][  0]LogDerivedDataCache: Using Local data cache path C:/Users/Utilisateur/AppData/Local/UnrealEngine/Common/DerivedDataCache: Writable
[2021.03.21-16.21.09:831][  0]LogDerivedDataCache: Shared data cache path not found in *engine.ini, will not use an Shared cache.
[2021.03.21-16.21.09:831][  0]LogDerivedDataCache: Unable to find inner node Shared for hierarchical cache Hierarchy.
[2021.03.21-16.21.09:886][  0]LogSlate: Using FreeType 2.10.0
[2021.03.21-16.21.09:905][  0]LogSlate: SlateFontServices - WITH_FREETYPE: 1, WITH_HARFBUZZ: 1
[2021.03.21-16.21.10:062][  0]LogAssetRegistry: FAssetRegistry took 0.0032 seconds to start up
[2021.03.21-16.21.10:334][  0]LogInit: Selected Device Profile: [Windows]
[2021.03.21-16.21.10:810][  0]LogMeshReduction: Using QuadricMeshReduction for automatic static mesh reduction
[2021.03.21-16.21.10:810][  0]LogMeshReduction: Using SimplygonMeshReduction for automatic skeletal mesh reduction
[2021.03.21-16.21.10:810][  0]LogMeshReduction: Using ProxyLODMeshReduction for automatic mesh merging
[2021.03.21-16.21.10:810][  0]LogMeshReduction: No distributed automatic mesh merging module available
[2021.03.21-16.21.10:810][  0]LogMeshMerging: No distributed automatic mesh merging module available
[2021.03.21-16.21.10:837][  0]LogNetVersion: CamManager 1.0.0, NetCL: 13144385, EngineNetVer: 14, GameNetVer: 0 (Checksum: 1207132944)
[2021.03.21-16.21.16:641][  0]LogAISub: UAISubsystem::UAISubsystem AISubsystem (000002E38C2A61C0), frame # 0
[2021.03.21-16.21.16:641][  0]LogAISub: UAISubsystem::UAISubsystem AIPerceptionSystem (000002E38C16B9C0), frame # 0
[2021.03.21-16.21.16:642][  0]LogAISub: UAISubsystem::UAISubsystem EnvQueryManager (000002E38C2C6A00), frame # 0
[2021.03.21-16.21.16:748][  0]LogPackageLocalizationCache: Processed 19 localized package path(s) for 1 prioritized culture(s) in 0.077855 seconds
[2021.03.21-16.21.16:754][  0]LogUObjectArray: 15917 objects as part of root set at end of initial load.
[2021.03.21-16.21.16:754][  0]LogUObjectAllocator: 3965568 out of 0 bytes used by permanent object pool.
[2021.03.21-16.21.16:754][  0]LogUObjectArray: CloseDisregardForGC: 0/0 objects in disregard for GC pool
[2021.03.21-16.21.18:905][  0]LogTcpMessaging: Initializing TcpMessaging bridge
[2021.03.21-16.21.18:918][  0]LogUdpMessaging: Initializing bridge on interface 0.0.0.0:0 to multicast group 230.0.0.1:6666.
[2021.03.21-16.21.19:319][  0]SourceControl: Source control is disabled
[2021.03.21-16.21.19:319][  0]SourceControl: Source control is disabled
[2021.03.21-16.21.19:345][  0]SourceControl: Source control is disabled
[2021.03.21-16.21.19:365][  0]SourceControl: Source control is disabled
[2021.03.21-16.21.19:397][  0]SourceControl: Source control is disabled
[2021.03.21-16.21.20:769][  0]LogAndroidPermission: UAndroidPermissionCallbackProxy::GetInstance
[2021.03.21-16.21.20:871][  0]LogAudioCaptureCore: Display: No Audio Capture implementations found. Audio input will be silent.
[2021.03.21-16.21.20:871][  0]LogAudioCaptureCore: Display: No Audio Capture implementations found. Audio input will be silent.
[2021.03.21-16.21.21:066][  0]LogOcInput: OculusInput pre-init called
[2021.03.21-16.21.21:093][  0]LogWindows: Failed to load 'OVRPlugin.dll' (GetLastError=126)
[2021.03.21-16.21.21:093][  0]LogWindows: File 'OVRPlugin.dll' does not exist
[2021.03.21-16.21.21:282][  0]LogEngine: Initializing Engine...
[2021.03.21-16.21.21:283][  0]LogHMD: Failed to initialize OpenVR with code 110
[2021.03.21-16.21.21:283][  0]LogMagicLeap: Warning: VR disabled because ZI is not enabled.  To enable, in the editor, Edit -> Project Settings -> Plugins -> Magic Leap Plugin -> Enable Zero Iteration
[2021.03.21-16.21.21:285][  0]LogStats: UGameplayTagsManager::InitializeManager -  0.000 s
[2021.03.21-16.21.21:424][  0]LogInit: Initializing FReadOnlyCVARCache
[2021.03.21-16.21.21:462][  0]LogAIModule: Creating AISystem for world Untitled
[2021.03.21-16.21.21:462][  0]LogAISub: UAISubsystem::UAISubsystem EnvQueryManager (000002E39338D600), frame # 0
[2021.03.21-16.21.21:462][  0]LogAISub: UAISubsystem::UAISubsystem AIPerceptionSystem (000002E3933BA480), frame # 0
[2021.03.21-16.21.21:482][  0]LogAudioMixer: Display: Audio Mixer Platform Settings:
[2021.03.21-16.21.21:482][  0]LogAudioMixer: Display: 	Sample Rate:						  48000
[2021.03.21-16.21.21:482][  0]LogAudioMixer: Display: 	Callback Buffer Frame Size Requested: 1024
[2021.03.21-16.21.21:482][  0]LogAudioMixer: Display: 	Callback Buffer Frame Size To Use:	  1024
[2021.03.21-16.21.21:482][  0]LogAudioMixer: Display: 	Number of buffers to queue:			  2
[2021.03.21-16.21.21:482][  0]LogAudioMixer: Display: 	Max Channels (voices):				  32
[2021.03.21-16.21.21:482][  0]LogAudioMixer: Display: 	Number of Async Source Workers:		  0
[2021.03.21-16.21.21:482][  0]LogAudio: Display: AudioDevice MaxSources: 32
[2021.03.21-16.21.21:482][  0]LogAudio: Display: Using built-in audio occlusion.
[2021.03.21-16.21.21:482][  0]LogAudioMixer: Display: Initializing audio mixer.
[2021.03.21-16.21.21:622][  0]LogAudioMixer: Display: 0: FrontLeft
[2021.03.21-16.21.21:622][  0]LogAudioMixer: Display: 1: FrontRight
[2021.03.21-16.21.21:622][  0]LogAudioMixer: Display: 2: FrontCenter
[2021.03.21-16.21.21:622][  0]LogAudioMixer: Display: 3: LowFrequency
[2021.03.21-16.21.21:622][  0]LogAudioMixer: Display: 4: BackLeft
[2021.03.21-16.21.21:622][  0]LogAudioMixer: Display: 5: BackRight
[2021.03.21-16.21.21:622][  0]LogAudioMixer: Display: 6: SideLeft
[2021.03.21-16.21.21:622][  0]LogAudioMixer: Display: 7: SideRight
[2021.03.21-16.21.21:921][  0]LogAudioMixer: Display: Using Audio Device Haut-parleurs (Realtek(R) Audio)
[2021.03.21-16.21.21:924][  0]LogAudioMixer: Display: Initializing Sound Submixes...
[2021.03.21-16.21.21:927][  0]LogAudioMixer: Display: Creating Master Submix 'MasterSubmixDefault'
[2021.03.21-16.21.21:927][  0]LogAudioMixer: Display: Creating Master Submix 'MasterReverbSubmixDefault'
[2021.03.21-16.21.21:928][  0]LogAudioMixer: Display: Creating Master Submix 'MasterEQSubmixDefault'
[2021.03.21-16.21.21:929][  0]LogInit: FAudioDevice initialized.
[2021.03.21-16.21.21:929][  0]LogNetVersion: Set ProjectVersion to 1.0.0.0. Version Checksum will be recalculated on next use.
[2021.03.21-16.21.21:994][  0]LogDerivedDataCache: Saved boot cache 0.06s 76MB C:/Users/Utilisateur/AppData/Local/UnrealEngine/4.25/DerivedDataCache/Boot.ddc.
[2021.03.21-16.21.21:994][  0]LogInit: Texture streaming: Enabled
[2021.03.21-16.21.22:075][  0]LogEngineSessionManager: EngineSessionManager initialized
[2021.03.21-16.21.22:075][  0]LogEngineSessionManager: EngineSessionManager sent abnormal shutdown report. Type=Crashed, SessionId={E17372A5-469F-C073-83CE-96BCE2B87B07}
[2021.03.21-16.21.22:075][  0]LogEditorSessionSummary: Verbose: Initializing EditorSessionSummaryWriter for editor session tracking
[2021.03.21-16.21.22:097][  0]LogEditorSessionSummary: EditorSessionSummaryWriter initialized
[2021.03.21-16.21.22:242][  0]LogInit: Transaction tracking system initialized
[2021.03.21-16.21.22:476][  0]BlueprintLog: New page: Editor Load
[2021.03.21-16.21.22:856][  0]LocalizationService: Localization service is disabled
[2021.03.21-16.21.23:596][  0]LogCook: Display: Max memory allowance for cook 16384mb min free memory 0mb
[2021.03.21-16.21.23:596][  0]LogCook: Display: Mobile HDR setting 1
[2021.03.21-16.21.24:412][  0]LogFileCache: Scanning file cache for directory 'D:/Work/P2/GitHub/UE4_Proj/CamManager_Move/CamManager/Content/' took 0.03s
[2021.03.21-16.21.25:946][  0]SourceControl: Source control is disabled
[2021.03.21-16.21.26:126][  0]LogSlate: Took 0.000617 seconds to synchronously load lazily loaded font '../../../Engine/Content/Slate/Fonts/Roboto-Regular.ttf' (155K)
[2021.03.21-16.21.31:922][  0]LogSlate: Window 'Restore Packages' being destroyed
[2021.03.21-16.21.31:943][  0]LogWindowsTextInputMethodSystem: Display: IME system now deactivated.
[2021.03.21-16.21.32:053][  0]LogWindowsTextInputMethodSystem: Display: IME system now deactivated.
[2021.03.21-16.21.35:476][  0]LogSlate: Window 'Unable to Check Out From Source Control!' being destroyed
[2021.03.21-16.21.35:477][  0]LogWindowsTextInputMethodSystem: Display: IME system now deactivated.
[2021.03.21-16.21.35:486][  0]Message dialog closed, result: Ok, title: Unable to Check Out From Source Control!, text: The following assets could not be successfully checked out from source control:
/Game/BluePrint/HealPotion
/Game/Scene/MyScene
[2021.03.21-16.21.35:571][  0]LogWindowsTextInputMethodSystem: Display: IME system now deactivated.
[2021.03.21-16.21.35:572][  0]LogUnrealEdMisc: Loading editor; pre map load, took 53.980
[2021.03.21-16.21.35:573][  0]Cmd: MAP LOAD FILE="../../../../../P2/GitHub/UE4_Proj/CamManager_Move/CamManager/Content/Scene/MyScene.umap" TEMPLATE=0 SHOWPROGRESS=1 FEATURELEVEL=3
[2021.03.21-16.21.35:573][  0]LightingResults: New page: Lighting Build
[2021.03.21-16.21.35:619][  0]LogWorld: UWorld::CleanupWorld for Untitled, bSessionEnded=true, bCleanupResources=true
[2021.03.21-16.21.35:619][  0]LogSlate: InvalidateAllWidgets triggered.  All widgets were invalidated
[2021.03.21-16.21.35:620][  0]MapCheck: New page: Map Check
[2021.03.21-16.21.35:620][  0]LightingResults: New page: Lighting Build
[2021.03.21-16.21.35:634][  0]LogAISub: UAISubsystem::~UAISubsystem EnvQueryManager (000002E39338D600), frame # 0
[2021.03.21-16.21.35:634][  0]LogAISub: UAISubsystem::~UAISubsystem AIPerceptionSystem (000002E3933BA480), frame # 0
[2021.03.21-16.21.35:636][  0]LogUObjectHash: Compacting FUObjectHashTables data took   1.11ms
[2021.03.21-16.21.35:718][  0]LogAIModule: Creating AISystem for world MyScene
[2021.03.21-16.21.35:718][  0]LogAISub: UAISubsystem::UAISubsystem EnvQueryManager (000002E39C387E00), frame # 0
[2021.03.21-16.21.35:718][  0]LogAISub: UAISubsystem::UAISubsystem AIPerceptionSystem (000002E382AF16C0), frame # 0
[2021.03.21-16.21.35:724][  0]LogEditorServer: Finished looking for orphan Actors (0.000 secs)
[2021.03.21-16.21.35:737][  0]LogUObjectHash: Compacting FUObjectHashTables data took   1.45ms
[2021.03.21-16.21.35:738][  0]Cmd: MAP CHECKDEP NOCLEARLOG
[2021.03.21-16.21.35:739][  0]MapCheck: Map check complete: 0 Error(s), 0 Warning(s), took 0,137ms to complete.
[2021.03.21-16.21.35:739][  0]LogFileHelpers: Loading map 'MyScene' took 0.167
[2021.03.21-16.21.35:774][  0]LogUnrealEdMisc: Total Editor Startup Time, took 54.183
[2021.03.21-16.21.35:883][  0]LogSlate: Updating window title bar state: overlay mode, drag disabled, window buttons hidden, title bar hidden
[2021.03.21-16.21.35:898][  0]LogSlate: Updating window title bar state: overlay mode, drag disabled, window buttons hidden, title bar hidden
[2021.03.21-16.21.35:908][  0]LogSlate: Updating window title bar state: overlay mode, drag disabled, window buttons hidden, title bar hidden
[2021.03.21-16.21.35:916][  0]LogSlate: Updating window title bar state: overlay mode, drag disabled, window buttons hidden, title bar hidden
[2021.03.21-16.21.35:939][  0]LogCollectionManager: Loaded 0 collections in 0.000932 seconds
[2021.03.21-16.21.35:962][  0]LogFileCache: Scanning file cache for directory 'D:/Work/P2/GitHub/UE4_Proj/CamManager_Move/CamManager/Saved/Collections/' took 0.00s
[2021.03.21-16.21.35:962][  0]LogFileCache: Scanning file cache for directory 'D:/Work/P2/GitHub/UE4_Proj/CamManager_Move/CamManager/Content/Developers/Utilisateur/Collections/' took 0.00s
[2021.03.21-16.21.35:962][  0]LogFileCache: Scanning file cache for directory 'D:/Work/P2/GitHub/UE4_Proj/CamManager_Move/CamManager/Content/Collections/' took 0.00s
[2021.03.21-16.21.35:962][  0]LogContentBrowser: Native class hierarchy populated in 0.0092 seconds. Added 3440 classes and 823 folders.
[2021.03.21-16.21.35:982][  0]LogContentBrowser: Native class hierarchy updated for 'WidgetCarousel' in 0.0004 seconds. Added 0 classes and 0 folders.
[2021.03.21-16.21.37:096][  0]LogContentBrowser: Native class hierarchy updated for 'AddContentDialog' in 0.0005 seconds. Added 0 classes and 0 folders.
[2021.03.21-16.21.37:136][  0]LogSlate: Took 0.000572 seconds to synchronously load lazily loaded font '../../../Engine/Content/Slate/Fonts/Roboto-Bold.ttf' (160K)
[2021.03.21-16.21.37:161][  0]LogSlate: Took 0.023288 seconds to synchronously load lazily loaded font '../../../Engine/Content/Editor/Slate/Fonts/FontAwesome.ttf' (139K)
[2021.03.21-16.21.37:209][  0]LogRenderer: Reallocating scene render targets to support 1228x600 Format 10 NumSamples 1 (Frame:1).
[2021.03.21-16.21.37:476][  0]LogContentBrowser: Native class hierarchy updated for 'HierarchicalLODOutliner' in 0.0004 seconds. Added 0 classes and 0 folders.
[2021.03.21-16.21.37:476][  0]LogLoad: (Engine Initialization) Total time: 55.88 seconds
[2021.03.21-16.21.37:476][  0]LogLoad: (Engine Initialization) Total Blueprint compile time: 0.00 seconds
[2021.03.21-16.21.37:548][  0]LogContentStreaming: Texture pool size now 1000 MB
[2021.03.21-16.21.37:578][  0]LogSlate: Took 0.013507 seconds to synchronously load lazily loaded font '../../../Engine/Content/Slate/Fonts/Roboto-Light.ttf' (167K)
[2021.03.21-16.21.37:619][  1]LogActor: Warning: ManaPotion_C /Engine/Transient.World_0:PersistentLevel.ManaPotion_C_0 has natively added scene component(s), but none of them were set as the actor's RootComponent - picking one arbitrarily
[2021.03.21-16.21.37:637][  1]LogActor: Warning: HealPotion_C /Engine/Transient.World_1:PersistentLevel.HealPotion_C_0 has natively added scene component(s), but none of them were set as the actor's RootComponent - picking one arbitrarily
[2021.03.21-16.21.37:639][  1]LogAssetRegistry: Asset discovery search completed in 27.5787 seconds
[2021.03.21-16.21.37:644][  1]LogCollectionManager: Fixed up redirectors for 0 collections in 0.000005 seconds (updated 0 objects)
[2021.03.21-16.21.38:524][ 15]LogSlate: Took 0.000498 seconds to synchronously load lazily loaded font '../../../Engine/Content/Slate/Fonts/Roboto-Light.ttf' (167K)
[2021.03.21-16.21.52:902][383]LogAssetEditorSubsystem: Opening Asset editor for Class /Script/CamManager.CM_InventorySlot
[2021.03.21-16.25.53:305][224]Candidate modules for hot reload:
[2021.03.21-16.25.53:305][224]  CamManager
[2021.03.21-16.25.53:305][224]Launching UnrealBuildTool... [D:/Work/UE4/UE_4.25/Engine/Binaries/DotNET/UnrealBuildTool.exe  -ModuleWithSuffix=CamManager,1881 CamManagerEditor Win64 Development -Project="D:/Work/P2/GitHub/UE4_Proj/CamManager_Move/CamManager/CamManager.uproject" "D:/Work/P2/GitHub/UE4_Proj/CamManager_Move/CamManager/CamManager.uproject"  -IgnoreJunk]
[2021.03.21-16.25.53:548][224]Warning: Starting HotReload took  2.2s.
[2021.03.21-16.25.56:901][226]LogAudioMixer: Display: Audio Buffer Underrun detected.
[2021.03.21-16.25.58:003][256]LogAudioMixer: Display: Audio Buffer Underrun detected.
[2021.03.21-16.34.56:653][871]CompilerResultsLog: New page: Compilation - 21 mars 2021 à 18:34:56
[2021.03.21-16.34.56:667][871]CompilerResultsLog: Using 'git status' to determine working set for adaptive non-unity build (D:\Work\P2\GitHub\UE4_Proj\CamManager_Move).
[2021.03.21-16.34.56:667][871]CompilerResultsLog: Building CamManagerEditor...
[2021.03.21-16.34.56:667][871]CompilerResultsLog: Using Visual Studio 2019 14.27.29111 toolchain (C:\Program Files (x86)\Microsoft Visual Studio\2019\Community\VC\Tools\MSVC\14.27.29110) and Windows 10.0.18362.0 SDK (C:\Program Files (x86)\Windows Kits\10).
[2021.03.21-16.34.56:667][871]CompilerResultsLog: Building 7 actions with 12 processes...
[2021.03.21-16.34.56:667][871]CompilerResultsLog:   [1/7] CM_InventorySlot.cpp
[2021.03.21-16.34.56:667][871]CompilerResultsLog:    D:\Work\P2\GitHub\UE4_Proj\CamManager_Move\CamManager\Source\CamManager\CM_InventorySlot.cpp(37) : error C2059: erreur de syntaxe?: ')'
[2021.03.21-16.34.56:667][871]CompilerResultsLog:   [2/7] CM_InventoryComponent.cpp
[2021.03.21-16.34.56:667][871]CompilerResultsLog:   [3/7] CM_Item.cpp
[2021.03.21-16.34.56:667][871]CompilerResultsLog:   [4/7] CM_Player.cpp
[2021.03.21-16.34.56:667][871]LogMainFrame: MainFrame: Module compiling took 544.924 seconds
[2021.03.21-16.34.56:680][871]Warning: HotReload failed, recompile failed
[2021.03.21-16.35.01:474][961]LogSlate: Took 0.024134 seconds to synchronously load lazily loaded font '../../../Engine/Content/Slate/Fonts/DroidSansMono.ttf' (77K)
[2021.03.21-16.35.24:838][348]LogSlate: Window 'Message Log' being destroyed
[2021.03.21-16.35.24:854][348]LogSlate: Window 'Message Log' being destroyed
[2021.03.21-16.35.25:745][401]Candidate modules for hot reload:
[2021.03.21-16.35.25:745][401]  CamManager
[2021.03.21-16.35.25:745][401]Launching UnrealBuildTool... [D:/Work/UE4/UE_4.25/Engine/Binaries/DotNET/UnrealBuildTool.exe  -ModuleWithSuffix=CamManager,2693 CamManagerEditor Win64 Development -Project="D:/Work/P2/GitHub/UE4_Proj/CamManager_Move/CamManager/CamManager.uproject" "D:/Work/P2/GitHub/UE4_Proj/CamManager_Move/CamManager/CamManager.uproject"  -IgnoreJunk]
[2021.03.21-16.35.25:749][401]Warning: Starting HotReload took  0.0s.
[2021.03.21-16.35.40:210][481]CompilerResultsLog: New page: Compilation - 21 mars 2021 à 18:35:40
[2021.03.21-16.35.40:210][481]CompilerResultsLog: Using 'git status' to determine working set for adaptive non-unity build (D:\Work\P2\GitHub\UE4_Proj\CamManager_Move).
[2021.03.21-16.35.40:210][481]CompilerResultsLog: Building CamManagerEditor...
[2021.03.21-16.35.40:210][481]CompilerResultsLog: Using Visual Studio 2019 14.27.29111 toolchain (C:\Program Files (x86)\Microsoft Visual Studio\2019\Community\VC\Tools\MSVC\14.27.29110) and Windows 10.0.18362.0 SDK (C:\Program Files (x86)\Windows Kits\10).
[2021.03.21-16.35.40:210][481]CompilerResultsLog: Building 4 actions with 12 processes...
[2021.03.21-16.35.40:210][481]CompilerResultsLog:   [1/4] CM_InventorySlot.cpp
[2021.03.21-16.35.40:210][481]CompilerResultsLog:   [2/4] UE4Editor-CamManager-2693.lib
[2021.03.21-16.35.40:210][481]CompilerResultsLog:      Cr?ation de la biblioth?que D:\Work\P2\GitHub\UE4_Proj\CamManager_Move\CamManager\Intermediate\Build\Win64\UE4Editor\Development\CamManager\UE4Editor-CamManager-2693.lib et de l'objet D:\Work\P2\GitHub\UE4_Proj\CamManager_Move\CamManager\Intermediate\Build\Win64\UE4Editor\Development\CamManager\UE4Editor-CamManager-2693.exp
[2021.03.21-16.35.40:210][481]CompilerResultsLog:   [3/4] UE4Editor-CamManager-2693.dll
[2021.03.21-16.35.40:210][481]CompilerResultsLog:      Cr?ation de la biblioth?que D:\Work\P2\GitHub\UE4_Proj\CamManager_Move\CamManager\Intermediate\Build\Win64\UE4Editor\Development\CamManager\UE4Editor-CamManager-2693.suppressed.lib et de l'objet D:\Work\P2\GitHub\UE4_Proj\CamManager_Move\CamManager\Intermediate\Build\Win64\UE4Editor\Development\CamManager\UE4Editor-CamManager-2693.suppressed.exp
[2021.03.21-16.35.40:210][481]CompilerResultsLog:   [4/4] CamManagerEditor.target
[2021.03.21-16.35.40:210][481]CompilerResultsLog: Total time in Parallel executor: 13,17 seconds
[2021.03.21-16.35.40:211][481]CompilerResultsLog: Total execution time: 14,17 seconds
[2021.03.21-16.35.40:211][481]LogMainFrame: MainFrame: Module compiling took 14.469 seconds
[2021.03.21-16.35.40:410][481]LogClass: EConsomableEffect HotReload.
[2021.03.21-16.35.40:410][481]LogClass: CamSettings HotReload.
[2021.03.21-16.35.40:410][481]LogClass: ConsomableInfo HotReload.
[2021.03.21-16.35.40:415][481]LogContentBrowser: Native class hierarchy updated for 'CamManager' in 0.0005 seconds. Added 13 classes and 2 folders.
[2021.03.21-16.35.40:416][481]Display: HotReload successful (8 functions remapped  2 scriptstructs remapped)
[2021.03.21-16.35.41:142][481]LogContentBrowser: Native class hierarchy populated in 0.0102 seconds. Added 3440 classes and 823 folders.
[2021.03.21-16.35.41:196][481]Display: HotReload took 15.5s.
[2021.03.21-16.35.44:268][490]LogTemp: Repeating last play command: Simulate
[2021.03.21-16.35.44:533][490]LogPlayLevel: PlayLevel: No blueprints needed recompiling
[2021.03.21-16.35.44:542][490]PIE: New page: SIE session: MyScene (21 mars 2021 à 18:35:44)
[2021.03.21-16.35.44:690][490]LogOnline: OSS: Creating online subsystem instance for: NULL
[2021.03.21-16.35.44:708][490]LogOnline: OSS: TryLoadSubsystemAndSetDefault: Loaded subsystem for module [NULL]
[2021.03.21-16.35.44:727][490]LogPlayLevel: Creating play world package: /Game/Scene/UEDPIE_0_MyScene
[2021.03.21-16.35.44:875][490]LogPlayLevel: PIE: StaticDuplicateObject took: (0.148123s)
[2021.03.21-16.35.44:885][490]LogAIModule: Creating AISystem for world MyScene
[2021.03.21-16.35.44:885][490]LogAISub: UAISubsystem::UAISubsystem EnvQueryManager (000002E3AB777E00), frame # 3490
[2021.03.21-16.35.44:885][490]LogAISub: UAISubsystem::UAISubsystem AIPerceptionSystem (000002E39E0C4B80), frame # 3490
[2021.03.21-16.35.44:885][490]LogPlayLevel: PIE: World Init took: (0.009445s)
[2021.03.21-16.35.44:885][490]LogPlayLevel: PIE: Created PIE world by copying editor world from /Game/Scene/MyScene.MyScene to /Game/Scene/UEDPIE_0_MyScene.MyScene (0.157757s)
[2021.03.21-16.35.44:966][490]LogUObjectHash: Compacting FUObjectHashTables data took   0.71ms
[2021.03.21-16.35.44:980][490]LogAudioMixer: Display: Audio Mixer Platform Settings:
[2021.03.21-16.35.44:981][490]LogAudioMixer: Display: 	Sample Rate:						  48000
[2021.03.21-16.35.44:981][490]LogAudioMixer: Display: 	Callback Buffer Frame Size Requested: 1024
[2021.03.21-16.35.44:981][490]LogAudioMixer: Display: 	Callback Buffer Frame Size To Use:	  1024
[2021.03.21-16.35.44:981][490]LogAudioMixer: Display: 	Number of buffers to queue:			  2
[2021.03.21-16.35.44:981][490]LogAudioMixer: Display: 	Max Channels (voices):				  32
[2021.03.21-16.35.44:981][490]LogAudioMixer: Display: 	Number of Async Source Workers:		  0
[2021.03.21-16.35.44:981][490]LogAudio: Display: AudioDevice MaxSources: 32
[2021.03.21-16.35.44:981][490]LogAudio: Display: Using built-in audio occlusion.
[2021.03.21-16.35.44:981][490]LogAudioMixer: Display: Initializing audio mixer.
[2021.03.21-16.35.45:041][490]LogAudioMixer: Display: 0: FrontLeft
[2021.03.21-16.35.45:041][490]LogAudioMixer: Display: 1: FrontRight
[2021.03.21-16.35.45:041][490]LogAudioMixer: Display: 2: FrontCenter
[2021.03.21-16.35.45:041][490]LogAudioMixer: Display: 3: LowFrequency
[2021.03.21-16.35.45:041][490]LogAudioMixer: Display: 4: BackLeft
[2021.03.21-16.35.45:041][490]LogAudioMixer: Display: 5: BackRight
[2021.03.21-16.35.45:041][490]LogAudioMixer: Display: 6: SideLeft
[2021.03.21-16.35.45:041][490]LogAudioMixer: Display: 7: SideRight
[2021.03.21-16.35.45:148][490]LogAudioMixer: Display: Using Audio Device Haut-parleurs (Realtek(R) Audio)
[2021.03.21-16.35.45:148][490]LogAudioMixer: Display: Initializing Sound Submixes...
[2021.03.21-16.35.45:148][490]LogAudioMixer: Display: Creating Master Submix 'MasterSubmixDefault'
[2021.03.21-16.35.45:148][490]LogAudioMixer: Display: Creating Master Submix 'MasterReverbSubmixDefault'
[2021.03.21-16.35.45:149][490]LogAudioMixer: Display: Creating Master Submix 'MasterEQSubmixDefault'
[2021.03.21-16.35.45:162][490]LogInit: FAudioDevice initialized.
[2021.03.21-16.35.45:545][490]LogLoad: Game class is 'CamManagerGameMode_C'
[2021.03.21-16.35.45:731][490]LogWorld: Bringing World /Game/Scene/UEDPIE_0_MyScene.MyScene up for play (max tick rate 60) at 2021.03.21-17.35.45
[2021.03.21-16.35.45:813][490]LogWorld: Bringing up level for play took: 0.072442
[2021.03.21-16.35.45:832][490]LogOnline: OSS: Creating online subsystem instance for: :Context_3
[2021.03.21-16.35.46:401][490]LogContentBrowser: Native class hierarchy updated for 'MovieSceneCapture' in 0.0006 seconds. Added 20 classes and 0 folders.
[2021.03.21-16.35.46:642][490]PIE: Server logged in
[2021.03.21-16.35.46:644][490]PIE: Play in editor total start time 2,234 seconds.
[2021.03.21-16.36.10:956][797]LogSlate: Took 0.015295 seconds to synchronously load lazily loaded font '../../../Engine/Content/Slate/Fonts/Roboto-Italic.ttf' (157K)
[2021.03.21-16.36.27:456][776]LogSlate: Updating window title bar state: overlay mode, drag disabled, window buttons hidden, title bar hidden
[2021.03.21-16.36.27:456][776]LogWorld: BeginTearingDown for /Game/Scene/UEDPIE_0_MyScene
[2021.03.21-16.36.27:490][776]LogWorld: UWorld::CleanupWorld for MyScene, bSessionEnded=true, bCleanupResources=true
[2021.03.21-16.36.27:490][776]LogSlate: InvalidateAllWidgets triggered.  All widgets were invalidated
[2021.03.21-16.36.27:513][776]LogPlayLevel: Display: Shutting down PIE online subsystems
[2021.03.21-16.36.27:535][776]LogSlate: InvalidateAllWidgets triggered.  All widgets were invalidated
[2021.03.21-16.36.27:743][776]LogSlate: Updating window title bar state: overlay mode, drag disabled, window buttons hidden, title bar hidden
[2021.03.21-16.36.27:804][776]LogAISub: UAISubsystem::~UAISubsystem EnvQueryManager (000002E3AB777E00), frame # 5776
[2021.03.21-16.36.27:804][776]LogAISub: UAISubsystem::~UAISubsystem AIPerceptionSystem (000002E39E0C4B80), frame # 5776
[2021.03.21-16.36.27:826][776]LogUObjectHash: Compacting FUObjectHashTables data took   0.63ms
[2021.03.21-16.36.27:903][777]LogPlayLevel: Display: Destroying online subsystem :Context_3
[2021.03.21-16.43.10:135][903]LogSlate: Window 'Project Settings' being destroyed
[2021.03.21-16.43.10:145][903]LogSlate: Window 'Project Settings' being destroyed
[2021.03.21-16.43.10:870][933]LogTemp: Repeating last play command: Simulate
[2021.03.21-16.43.10:887][933]LogPlayLevel: PlayLevel: No blueprints needed recompiling
[2021.03.21-16.43.10:887][933]PIE: New page: SIE session: MyScene (21 mars 2021 à 18:43:10)
[2021.03.21-16.43.10:887][933]LogPlayLevel: Creating play world package: /Game/Scene/UEDPIE_0_MyScene
[2021.03.21-16.43.10:892][933]LogPlayLevel: PIE: StaticDuplicateObject took: (0.005555s)
[2021.03.21-16.43.10:893][933]LogAIModule: Creating AISystem for world MyScene
[2021.03.21-16.43.10:894][933]LogAISub: UAISubsystem::UAISubsystem EnvQueryManager (000002E3C075CE00), frame # 8933
[2021.03.21-16.43.10:923][933]LogAISub: UAISubsystem::UAISubsystem AIPerceptionSystem (000002E385631300), frame # 8933
[2021.03.21-16.43.10:923][933]LogPlayLevel: PIE: World Init took: (0.030399s)
[2021.03.21-16.43.10:923][933]LogPlayLevel: PIE: Created PIE world by copying editor world from /Game/Scene/MyScene.MyScene to /Game/Scene/UEDPIE_0_MyScene.MyScene (0.036088s)
[2021.03.21-16.43.10:934][933]LogUObjectHash: Compacting FUObjectHashTables data took   0.63ms
[2021.03.21-16.43.10:936][933]LogAudioMixer: Display: Audio Mixer Platform Settings:
[2021.03.21-16.43.10:936][933]LogAudioMixer: Display: 	Sample Rate:						  48000
[2021.03.21-16.43.10:936][933]LogAudioMixer: Display: 	Callback Buffer Frame Size Requested: 1024
[2021.03.21-16.43.10:936][933]LogAudioMixer: Display: 	Callback Buffer Frame Size To Use:	  1024
[2021.03.21-16.43.10:936][933]LogAudioMixer: Display: 	Number of buffers to queue:			  2
[2021.03.21-16.43.10:936][933]LogAudioMixer: Display: 	Max Channels (voices):				  32
[2021.03.21-16.43.10:936][933]LogAudioMixer: Display: 	Number of Async Source Workers:		  0
[2021.03.21-16.43.10:936][933]LogAudio: Display: AudioDevice MaxSources: 32
[2021.03.21-16.43.10:937][933]LogAudio: Display: Using built-in audio occlusion.
[2021.03.21-16.43.10:937][933]LogAudioMixer: Display: Initializing audio mixer.
[2021.03.21-16.43.10:944][933]LogAudioMixer: Display: 0: FrontLeft
[2021.03.21-16.43.10:944][933]LogAudioMixer: Display: 1: FrontRight
[2021.03.21-16.43.10:944][933]LogAudioMixer: Display: 2: FrontCenter
[2021.03.21-16.43.10:944][933]LogAudioMixer: Display: 3: LowFrequency
[2021.03.21-16.43.10:944][933]LogAudioMixer: Display: 4: BackLeft
[2021.03.21-16.43.10:944][933]LogAudioMixer: Display: 5: BackRight
[2021.03.21-16.43.10:944][933]LogAudioMixer: Display: 6: SideLeft
[2021.03.21-16.43.10:944][933]LogAudioMixer: Display: 7: SideRight
[2021.03.21-16.43.11:002][933]LogAudioMixer: Display: Using Audio Device Haut-parleurs (Realtek(R) Audio)
[2021.03.21-16.43.11:003][933]LogAudioMixer: Display: Initializing Sound Submixes...
[2021.03.21-16.43.11:003][933]LogAudioMixer: Display: Creating Master Submix 'MasterSubmixDefault'
[2021.03.21-16.43.11:003][933]LogAudioMixer: Display: Creating Master Submix 'MasterReverbSubmixDefault'
[2021.03.21-16.43.11:003][933]LogAudioMixer: Display: Creating Master Submix 'MasterEQSubmixDefault'
[2021.03.21-16.43.11:016][933]LogInit: FAudioDevice initialized.
[2021.03.21-16.43.11:039][933]LogLoad: Game class is 'CamManagerGameMode_C'
[2021.03.21-16.43.11:041][933]LogWorld: Bringing World /Game/Scene/UEDPIE_0_MyScene.MyScene up for play (max tick rate 60) at 2021.03.21-17.43.11
[2021.03.21-16.43.11:041][933]LogWorld: Bringing up level for play took: 0.000720
[2021.03.21-16.43.11:041][933]LogOnline: OSS: Creating online subsystem instance for: :Context_6
[2021.03.21-16.43.11:043][933]PIE: Server logged in
[2021.03.21-16.43.11:044][933]PIE: Play in editor total start time 0,161 seconds.
[2021.03.21-16.43.27:104][892]LogSlate: Updating window title bar state: overlay mode, drag disabled, window buttons hidden, title bar hidden
[2021.03.21-16.43.27:104][892]LogWorld: BeginTearingDown for /Game/Scene/UEDPIE_0_MyScene
[2021.03.21-16.43.27:105][892]LogWorld: UWorld::CleanupWorld for MyScene, bSessionEnded=true, bCleanupResources=true
[2021.03.21-16.43.27:105][892]LogSlate: InvalidateAllWidgets triggered.  All widgets were invalidated
[2021.03.21-16.43.27:182][892]LogPlayLevel: Display: Shutting down PIE online subsystems
[2021.03.21-16.43.27:183][892]LogSlate: InvalidateAllWidgets triggered.  All widgets were invalidated
[2021.03.21-16.43.27:195][892]LogSlate: Updating window title bar state: overlay mode, drag disabled, window buttons hidden, title bar hidden
[2021.03.21-16.43.27:254][892]LogAISub: UAISubsystem::~UAISubsystem AIPerceptionSystem (000002E385631300), frame # 9892
[2021.03.21-16.43.27:254][892]LogAISub: UAISubsystem::~UAISubsystem EnvQueryManager (000002E3C075CE00), frame # 9892
[2021.03.21-16.43.27:255][892]LogUObjectHash: Compacting FUObjectHashTables data took   0.66ms
[2021.03.21-16.43.27:282][893]LogPlayLevel: Display: Destroying online subsystem :Context_6
[2021.03.21-16.43.29:850][ 35]Cmd: OBJ SAVEPACKAGE PACKAGE="/Game/Scene/MyScene" FILE="../../../../../P2/GitHub/UE4_Proj/CamManager_Move/CamManager/Content/Scene/MyScene.umap" SILENT=true AUTOSAVING=false KEEPDIRTY=false
[2021.03.21-16.43.29:884][ 35]LogUObjectHash: Compacting FUObjectHashTables data took   0.66ms
[2021.03.21-16.43.30:135][ 35]LogSavePackage: Moving '../../../../../P2/GitHub/UE4_Proj/CamManager_Move/CamManager/Saved/MyScene9FCA29574B1B1FB5B7D7AEBA6BCC7FFE.tmp' to '../../../../../P2/GitHub/UE4_Proj/CamManager_Move/CamManager/Content/Scene/MyScene.umap'
[2021.03.21-16.43.30:227][ 35]AssetCheck: New page: Asset Save: MyScene
[2021.03.21-16.43.30:227][ 35]LogContentValidation: Display: Validating World /Game/Scene/MyScene.MyScene
[2021.03.21-16.43.42:293][361]LogAssetEditorSubsystem: Opening Asset editor for World /Game/EF_Lewis/Maps/DemoMap2.DemoMap2
[2021.03.21-16.43.42:378][361]LogUObjectHash: Compacting FUObjectHashTables data took   0.90ms
[2021.03.21-16.43.42:379][361]Cmd: MAP LOAD FILE="../../../../../P2/GitHub/UE4_Proj/CamManager_Move/CamManager/Content/EF_Lewis/Maps/DemoMap2.umap" TEMPLATE=0 SHOWPROGRESS=1 FEATURELEVEL=3
[2021.03.21-16.43.42:380][361]LightingResults: New page: Lighting Build
[2021.03.21-16.43.42:380][361]LoadErrors: New page: Loading map: DemoMap2.umap
[2021.03.21-16.43.42:408][361]LogWorld: UWorld::CleanupWorld for MyScene, bSessionEnded=true, bCleanupResources=true
[2021.03.21-16.43.42:408][361]LogSlate: InvalidateAllWidgets triggered.  All widgets were invalidated
[2021.03.21-16.43.42:408][361]MapCheck: New page: Map Check
[2021.03.21-16.43.42:408][361]LightingResults: New page: Lighting Build
[2021.03.21-16.43.42:419][361]LogAISub: UAISubsystem::~UAISubsystem EnvQueryManager (000002E39C387E00), frame # 10361
[2021.03.21-16.43.42:419][361]LogAISub: UAISubsystem::~UAISubsystem AIPerceptionSystem (000002E382AF16C0), frame # 10361
[2021.03.21-16.43.42:427][361]LogUObjectHash: Compacting FUObjectHashTables data took   0.71ms
[2021.03.21-16.43.42:465][361]LogEditorServer: Finished looking for orphan Actors (0.000 secs)
[2021.03.21-16.43.42:465][361]LogAIModule: Creating AISystem for world DemoMap2
[2021.03.21-16.43.42:465][361]LogAISub: UAISubsystem::UAISubsystem EnvQueryManager (000002E39EFA2E00), frame # 10361
[2021.03.21-16.43.42:465][361]LogAISub: UAISubsystem::UAISubsystem AIPerceptionSystem (000002E3CD935F80), frame # 10361
[2021.03.21-16.43.42:481][361]LogUObjectHash: Compacting FUObjectHashTables data took   0.69ms
[2021.03.21-16.43.42:508][361]Cmd: MAP CHECKDEP NOCLEARLOG
[2021.03.21-16.43.42:508][361]MapCheck: Map check complete: 0 Error(s), 0 Warning(s), took 0,1ms to complete.
[2021.03.21-16.43.42:508][361]LogFileHelpers: Loading map 'DemoMap2' took 0.128
[2021.03.21-16.43.46:127][486]LogEditorViewport: Clicking on Actor (LMB): StaticMeshActor (MarketTableCloth_a)
[2021.03.21-16.43.47:653][562]LogEditorViewport: Clicking on Actor (LMB): StaticMeshActor (ClothAwning_a7)
[2021.03.21-16.43.48:862][632]LogEditorViewport: Clicking on Actor (LMB): StaticMeshActor (PortVillage_a)
[2021.03.21-16.43.51:253][773]LogEditorViewport: Clicking on Actor (LMB): StaticMeshActor (PortVillage_a)
[2021.03.21-16.43.52:626][855]LogEditorViewport: Clicking on Actor (LMB): StaticMeshActor (PortDock_a)
[2021.03.21-16.43.53:060][879]LogEditorViewport: Clicking on Actor (LMB): StaticMeshActor (PortVillage_a)
[2021.03.21-16.43.59:362][251]LogEditorViewport: Clicking on Actor (LMB): StaticMeshActor (PortVillage_a2)
[2021.03.21-16.44.01:645][386]LogEditorViewport: Clicking on Actor (LMB): StaticMeshActor (PortStairs_a)
[2021.03.21-16.44.02:931][459]Cmd: DELETE
[2021.03.21-16.44.02:931][459]Cmd: ACTOR DELETE
[2021.03.21-16.44.03:234][459]LogEditorActor: Deleted Actor: StaticMeshActor
[2021.03.21-16.44.03:247][459]LogUObjectHash: Compacting FUObjectHashTables data took   0.23ms
[2021.03.21-16.44.03:261][459]LogEditorActor: Deleted 1 Actors (0.082 secs)
[2021.03.21-16.44.04:666][542]LogEditorViewport: Clicking on Actor (LMB): StaticMeshActor (PortDock_a)
[2021.03.21-16.44.16:372][239]LogEditorViewport: Clicking on Actor (LMB): StaticMeshActor (PortDecals)
[2021.03.21-16.44.26:959][871]Cmd: TRANSACTION UNDO
[2021.03.21-16.44.26:959][871]LogEditorTransaction: Undo Move Actors
[2021.03.21-16.44.27:841][910]Cmd: TRANSACTION UNDO
[2021.03.21-16.44.27:841][910]LogEditorTransaction: Undo Move Actors
[2021.03.21-16.44.29:249][994]LogEditorViewport: Clicking on Actor (LMB): StaticMeshActor (PortDecals)
[2021.03.21-16.44.31:022][100]Cmd: TRANSACTION UNDO
[2021.03.21-16.44.31:022][100]LogEditorTransaction: Undo Clicking on Actors
[2021.03.21-16.44.31:422][116]Cmd: TRANSACTION UNDO
[2021.03.21-16.44.31:422][116]LogEditorTransaction: Undo Move Actors
[2021.03.21-16.44.31:707][132]Cmd: TRANSACTION UNDO
[2021.03.21-16.44.31:707][132]LogEditorTransaction: Undo Clicking on Actors
[2021.03.21-16.44.32:019][150]Cmd: TRANSACTION UNDO
[2021.03.21-16.44.32:019][150]LogEditorTransaction: Undo Delete Actors
[2021.03.21-16.44.38:908][556]LogEditorViewport: Clicking on Actor (LMB): StaticMeshActor (PortStairs_a)
[2021.03.21-16.44.39:814][609]Cmd: DELETE
[2021.03.21-16.44.39:814][609]Cmd: ACTOR DELETE
[2021.03.21-16.44.39:817][609]LogEditorActor: Deleted Actor: StaticMeshActor
[2021.03.21-16.44.39:830][609]LogUObjectHash: Compacting FUObjectHashTables data took   0.30ms
[2021.03.21-16.44.39:832][609]LogEditorActor: Deleted 1 Actors (0.019 secs)
[2021.03.21-16.44.41:056][683]LogEditorViewport: Clicking on Actor (LMB): StaticMeshActor (PortDock_a)
[2021.03.21-16.44.52:286][353]LogEditorViewport: Clicking on Actor (LMB): StaticMeshActor (PortDock_a)
[2021.03.21-16.44.54:512][486]Cmd: TRANSACTION UNDO
[2021.03.21-16.44.54:512][486]LogEditorTransaction: Undo Move Actors
[2021.03.21-16.44.54:986][506]Cmd: TRANSACTION UNDO
[2021.03.21-16.44.54:986][506]LogEditorTransaction: Undo Clicking on Actors
[2021.03.21-16.44.55:336][525]Cmd: TRANSACTION UNDO
[2021.03.21-16.44.55:336][525]LogEditorTransaction: Undo Delete Actors
[2021.03.21-16.45.09:760][306]LogActor: Warning: HealPotion_C /Game/EF_Lewis/Maps/DemoMap2.DemoMap2:PersistentLevel.HealPotion_C_0 has natively added scene component(s), but none of them were set as the actor's RootComponent - picking one arbitrarily
[2021.03.21-16.45.10:295][334]LogActor: Warning: HealPotion_C /Game/EF_Lewis/Maps/DemoMap2.DemoMap2:PersistentLevel.HealPotion_C_1 has natively added scene component(s), but none of them were set as the actor's RootComponent - picking one arbitrarily
[2021.03.21-16.45.28:083][372]LogActor: Warning: HealPotion_C /Game/EF_Lewis/Maps/DemoMap2.DemoMap2:PersistentLevel.HealPotion_C_3 has natively added scene component(s), but none of them were set as the actor's RootComponent - picking one arbitrarily
[2021.03.21-16.45.28:719][407]LogActor: Warning: HealPotion_C /Game/EF_Lewis/Maps/DemoMap2.DemoMap2:PersistentLevel.HealPotion_C_4 has natively added scene component(s), but none of them were set as the actor's RootComponent - picking one arbitrarily
[2021.03.21-16.45.36:162][846]LogActor: Warning: ManaPotion_C /Game/EF_Lewis/Maps/DemoMap2.DemoMap2:PersistentLevel.ManaPotion_C_0 has natively added scene component(s), but none of them were set as the actor's RootComponent - picking one arbitrarily
[2021.03.21-16.45.36:877][885]LogActor: Warning: ManaPotion_C /Game/EF_Lewis/Maps/DemoMap2.DemoMap2:PersistentLevel.ManaPotion_C_1 has natively added scene component(s), but none of them were set as the actor's RootComponent - picking one arbitrarily
[2021.03.21-16.45.39:526][ 40]LogActor: Warning: ManaPotion_C /Game/EF_Lewis/Maps/DemoMap2.DemoMap2:PersistentLevel.ManaPotion_C_3 has natively added scene component(s), but none of them were set as the actor's RootComponent - picking one arbitrarily
[2021.03.21-16.45.40:174][ 76]LogActor: Warning: ManaPotion_C /Game/EF_Lewis/Maps/DemoMap2.DemoMap2:PersistentLevel.ManaPotion_C_4 has natively added scene component(s), but none of them were set as the actor's RootComponent - picking one arbitrarily
[2021.03.21-16.45.42:751][227]LogTemp: Repeating last play command: Simulate
[2021.03.21-16.45.42:768][227]LogPlayLevel: PlayLevel: No blueprints needed recompiling
[2021.03.21-16.45.42:768][227]PIE: New page: SIE session: DemoMap2 (21 mars 2021 à 18:45:42)
[2021.03.21-16.45.42:768][227]LogPlayLevel: Creating play world package: /Game/EF_Lewis/Maps/UEDPIE_0_DemoMap2
[2021.03.21-16.45.42:776][227]LogPlayLevel: PIE: StaticDuplicateObject took: (0.008192s)
[2021.03.21-16.45.42:777][227]LogAIModule: Creating AISystem for world DemoMap2
[2021.03.21-16.45.42:777][227]LogAISub: UAISubsystem::UAISubsystem EnvQueryManager (000002E3CDCB9A00), frame # 17227
[2021.03.21-16.45.42:777][227]LogAISub: UAISubsystem::UAISubsystem AIPerceptionSystem (000002E3BFB93380), frame # 17227
[2021.03.21-16.45.42:777][227]LogPlayLevel: PIE: World Init took: (0.001239s)
[2021.03.21-16.45.42:777][227]LogPlayLevel: PIE: Created PIE world by copying editor world from /Game/EF_Lewis/Maps/DemoMap2.DemoMap2 to /Game/EF_Lewis/Maps/UEDPIE_0_DemoMap2.DemoMap2 (0.009577s)
[2021.03.21-16.45.42:790][227]LogUObjectHash: Compacting FUObjectHashTables data took   0.65ms
[2021.03.21-16.45.42:792][227]LogAudioMixer: Display: Audio Mixer Platform Settings:
[2021.03.21-16.45.42:792][227]LogAudioMixer: Display: 	Sample Rate:						  48000
[2021.03.21-16.45.42:792][227]LogAudioMixer: Display: 	Callback Buffer Frame Size Requested: 1024
[2021.03.21-16.45.42:792][227]LogAudioMixer: Display: 	Callback Buffer Frame Size To Use:	  1024
[2021.03.21-16.45.42:792][227]LogAudioMixer: Display: 	Number of buffers to queue:			  2
[2021.03.21-16.45.42:792][227]LogAudioMixer: Display: 	Max Channels (voices):				  32
[2021.03.21-16.45.42:792][227]LogAudioMixer: Display: 	Number of Async Source Workers:		  0
[2021.03.21-16.45.42:792][227]LogAudio: Display: AudioDevice MaxSources: 32
[2021.03.21-16.45.42:793][227]LogAudio: Display: Using built-in audio occlusion.
[2021.03.21-16.45.42:793][227]LogAudioMixer: Display: Initializing audio mixer.
[2021.03.21-16.45.42:799][227]LogAudioMixer: Display: 0: FrontLeft
[2021.03.21-16.45.42:799][227]LogAudioMixer: Display: 1: FrontRight
[2021.03.21-16.45.42:799][227]LogAudioMixer: Display: 2: FrontCenter
[2021.03.21-16.45.42:799][227]LogAudioMixer: Display: 3: LowFrequency
[2021.03.21-16.45.42:799][227]LogAudioMixer: Display: 4: BackLeft
[2021.03.21-16.45.42:799][227]LogAudioMixer: Display: 5: BackRight
[2021.03.21-16.45.42:799][227]LogAudioMixer: Display: 6: SideLeft
[2021.03.21-16.45.42:799][227]LogAudioMixer: Display: 7: SideRight
[2021.03.21-16.45.42:859][227]LogAudioMixer: Display: Using Audio Device Haut-parleurs (Realtek(R) Audio)
[2021.03.21-16.45.42:859][227]LogAudioMixer: Display: Initializing Sound Submixes...
[2021.03.21-16.45.42:859][227]LogAudioMixer: Display: Creating Master Submix 'MasterSubmixDefault'
[2021.03.21-16.45.42:859][227]LogAudioMixer: Display: Creating Master Submix 'MasterReverbSubmixDefault'
[2021.03.21-16.45.42:859][227]LogAudioMixer: Display: Creating Master Submix 'MasterEQSubmixDefault'
[2021.03.21-16.45.42:872][227]LogInit: FAudioDevice initialized.
[2021.03.21-16.45.42:879][227]LogLoad: Game class is 'CamManagerGameMode_C'
[2021.03.21-16.45.42:883][227]LogWorld: Bringing World /Game/EF_Lewis/Maps/UEDPIE_0_DemoMap2.DemoMap2 up for play (max tick rate 60) at 2021.03.21-17.45.42
[2021.03.21-16.45.42:883][227]LogWorld: Bringing up level for play took: 0.002776
[2021.03.21-16.45.42:883][227]LogOnline: OSS: Creating online subsystem instance for: :Context_7
[2021.03.21-16.45.42:886][227]PIE: Server logged in
[2021.03.21-16.45.42:887][227]PIE: Play in editor total start time 0,122 seconds.
[2021.03.21-16.46.18:367][554]LogWindows: Error: === Critical error: ===
[2021.03.21-16.46.18:367][554]LogWindows: Error: 
[2021.03.21-16.46.18:367][554]LogWindows: Error: Fatal error!
[2021.03.21-16.46.18:367][554]LogWindows: Error: 
[2021.03.21-16.46.18:367][554]LogWindows: Error: Unhandled Exception: EXCEPTION_ACCESS_VIOLATION reading address 0x000002d8
[2021.03.21-16.46.18:367][554]LogWindows: Error: 
[2021.03.21-16.46.18:367][554]LogWindows: Error: [Callstack] 0x00007ff8bc9e91a2 UE4Editor-CamManager-2693.dll!UCM_InventorySlot::RemoveObj() [D:\Work\P2\GitHub\UE4_Proj\CamManager_Move\CamManager\Source\CamManager\CM_InventorySlot.cpp:36]
[2021.03.21-16.46.18:367][554]LogWindows: Error: [Callstack] 0x00007ff8bc9e90a0 UE4Editor-CamManager-2693.dll!UCM_InventorySlot::MakeItemAction() [D:\Work\P2\GitHub\UE4_Proj\CamManager_Move\CamManager\Source\CamManager\CM_InventorySlot.cpp:51]
[2021.03.21-16.46.18:367][554]LogWindows: Error: [Callstack] 0x00007ff8bc9e7ea3 UE4Editor-CamManager-2693.dll!UCM_InventoryComponent::MakeItemAction() [D:\Work\P2\GitHub\UE4_Proj\CamManager_Move\CamManager\Source\CamManager\CM_InventoryComponent.cpp:51]
[2021.03.21-16.46.18:367][554]LogWindows: Error: [Callstack] 0x00007ff8415391fa UE4Editor-Engine.dll!UnknownFunction []
[2021.03.21-16.46.18:367][554]LogWindows: Error: [Callstack] 0x00007ff84156514e UE4Editor-Engine.dll!UnknownFunction []
[2021.03.21-16.46.18:367][554]LogWindows: Error: [Callstack] 0x00007ff84106b988 UE4Editor-Engine.dll!UnknownFunction []
[2021.03.21-16.46.18:367][554]LogWindows: Error: [Callstack] 0x00007ff84107f1b4 UE4Editor-Engine.dll!UnknownFunction []
[2021.03.21-16.46.18:367][554]LogWindows: Error: [Callstack] 0x00007ff841069a1b UE4Editor-Engine.dll!UnknownFunction []
[2021.03.21-16.46.18:367][554]LogWindows: Error: [Callstack] 0x00007ff84107d681 UE4Editor-Engine.dll!UnknownFunction []
[2021.03.21-16.46.18:367][554]LogWindows: Error: [Callstack] 0x00007ff840359f84 UE4Editor-Engine.dll!UnknownFunction []
[2021.03.21-16.46.18:367][554]LogWindows: Error: [Callstack] 0x00007ff84141936f UE4Editor-Engine.dll!UnknownFunction []
[2021.03.21-16.46.18:367][554]LogWindows: Error: [Callstack] 0x00007ff84141e3c7 UE4Editor-Engine.dll!UnknownFunction []
[2021.03.21-16.46.18:367][554]LogWindows: Error: [Callstack] 0x00007ff83db487d8 UE4Editor-Core.dll!UnknownFunction []
[2021.03.21-16.46.18:367][554]LogWindows: Error: [Callstack] 0x00007ff83db48aa3 UE4Editor-Core.dll!UnknownFunction []
[2021.03.21-16.46.18:367][554]LogWindows: Error: [Callstack] 0x00007ff83db5f027 UE4Editor-Core.dll!UnknownFunction []
[2021.03.21-16.46.18:367][554]LogWindows: Error: [Callstack] 0x00007ff84143a402 UE4Editor-Engine.dll!UnknownFunction []
[2021.03.21-16.46.18:367][554]LogWindows: Error: [Callstack] 0x00007ff84143f6ca UE4Editor-Engine.dll!UnknownFunction []
[2021.03.21-16.46.18:367][554]LogWindows: Error: [Callstack] 0x00007ff840bfd0bf UE4Editor-Engine.dll!UnknownFunction []
[2021.03.21-16.46.18:367][554]LogWindows: Error: [Callstack] 0x00007ff840c07957 UE4Editor-Engine.dll!UnknownFunction []
[2021.03.21-16.46.18:367][554]LogWindows: Error: [Callstack] 0x00007ff83ecbaf57 UE4Editor-UnrealEd.dll!UnknownFunction []
[2021.03.21-16.46.18:367][554]LogWindows: Error: [Callstack] 0x00007ff83f5937e6 UE4Editor-UnrealEd.dll!UnknownFunction []
[2021.03.21-16.46.18:367][554]LogWindows: Error: [Callstack] 0x00007ff7e9b87800 UE4Editor.exe!UnknownFunction []
[2021.03.21-16.46.18:367][554]LogWindows: Error: [Callstack] 0x00007ff7e9b9ba7c UE4Editor.exe!UnknownFunction []
[2021.03.21-16.46.18:367][554]LogWindows: Error: [Callstack] 0x00007ff7e9b9bb5a UE4Editor.exe!UnknownFunction []
[2021.03.21-16.46.18:367][554]LogWindows: Error: [Callstack] 0x00007ff7e9bae31d UE4Editor.exe!UnknownFunction []
[2021.03.21-16.46.18:367][554]LogWindows: Error: [Callstack] 0x00007ff7e9bb145a UE4Editor.exe!UnknownFunction []
[2021.03.21-16.46.18:367][554]LogWindows: Error: [Callstack] 0x00007ff8ce287034 KERNEL32.DLL!UnknownFunction []
[2021.03.21-16.46.18:367][554]LogWindows: Error: [Callstack] 0x00007ff8cf742651 ntdll.dll!UnknownFunction []
[2021.03.21-16.46.18:367][554]LogWindows: Error: 
[2021.03.21-16.46.18:393][554]LogExit: Executing StaticShutdownAfterError
[2021.03.21-16.46.18:606][554]LogWindows: FPlatformMisc::RequestExit(1)
[2021.03.21-16.46.18:606][554]LogCore: Engine exit requested (reason: Win RequestExit)
[2021.03.21-16.46.18:668][554]Log file closed, 03/21/21 17:46:18
