Log file open, 03/18/21 14:51:06
LogInit: Display: Running engine for game: CamManager
LogPlatformFile: Not using cached read wrapper
LogTaskGraph: Started task graph with 5 named threads and 35 total threads with 3 sets of task threads.
LogStats: Stats thread started at 0.219565
LogD3D11RHI: Loaded GFSDK_Aftermath_Lib.x64.dll
LogICUInternationalization: ICU TimeZone Detection - Raw Offset: +1:00, Platform Override: ''
LogPluginManager: Mounting plugin Paper2D
LogPluginManager: Mounting plugin AISupport
LogPluginManager: Mounting plugin LightPropagationVolume
LogPluginManager: Mounting plugin CameraShakePreviewer
LogPluginManager: Mounting plugin ActorLayerUtilities
LogPluginManager: Mounting plugin AnimationSharing
LogPluginManager: Mounting plugin CLionSourceCodeAccess
LogPluginManager: Mounting plugin CodeLiteSourceCodeAccess
LogPluginManager: Mounting plugin GitSourceControl
LogPluginManager: Mounting plugin KDevelopSourceCodeAccess
LogPluginManager: Mounting plugin NullSourceCodeAccess
LogPluginManager: Mounting plugin PerforceSourceControl
LogPluginManager: Mounting plugin PlasticSourceControl
LogPluginManager: Mounting plugin RiderSourceCodeAccess
LogPluginManager: Mounting plugin SubversionSourceControl
LogPluginManager: Mounting plugin UObjectPlugin
LogPluginManager: Mounting plugin VisualStudioCodeSourceCodeAccess
LogPluginManager: Mounting plugin VisualStudioSourceCodeAccess
LogPluginManager: Mounting plugin XCodeSourceCodeAccess
LogPluginManager: Mounting plugin AssetManagerEditor
LogPluginManager: Mounting plugin CryptoKeys
LogPluginManager: Mounting plugin CurveEditorTools
LogPluginManager: Mounting plugin DataValidation
LogPluginManager: Mounting plugin EditorScriptingUtilities
LogPluginManager: Mounting plugin FacialAnimation
LogPluginManager: Mounting plugin GameplayTagsEditor
LogPluginManager: Mounting plugin GeometryMode
LogPluginManager: Mounting plugin MacGraphicsSwitching
LogPluginManager: Mounting plugin MaterialAnalyzer
LogPluginManager: Mounting plugin MobileLauncherProfileWizard
LogPluginManager: Mounting plugin PluginBrowser
LogPluginManager: Mounting plugin SpeedTreeImporter
LogPluginManager: Mounting plugin DatasmithContent
LogPluginManager: Mounting plugin VariantManagerContent
LogPluginManager: Mounting plugin AlembicImporter
LogPluginManager: Mounting plugin AutomationUtils
LogPluginManager: Mounting plugin BackChannel
LogPluginManager: Mounting plugin ChaosCloth
LogPluginManager: Mounting plugin ChaosClothEditor
LogPluginManager: Mounting plugin ChaosEditor
LogPluginManager: Mounting plugin ChaosNiagara
LogPluginManager: Mounting plugin ChaosSolverPlugin
LogPluginManager: Mounting plugin CharacterAI
LogPluginManager: Mounting plugin GeometryCache
LogPluginManager: Mounting plugin GeometryCollectionPlugin
LogPluginManager: Mounting plugin GeometryProcessing
LogPluginManager: Mounting plugin PlanarCut
LogPluginManager: Mounting plugin PlatformCrypto
LogPluginManager: Mounting plugin ProxyLODPlugin
LogPluginManager: Mounting plugin SkeletalReduction
LogPluginManager: Mounting plugin Niagara
LogPluginManager: Mounting plugin MagicLeap
LogPluginManager: Mounting plugin MagicLeapLightEstimation
LogPluginManager: Mounting plugin MagicLeapMedia
LogPluginManager: Mounting plugin MagicLeapPassableWorld
LogPluginManager: Mounting plugin MLSDK
LogPluginManager: Mounting plugin AndroidMedia
LogPluginManager: Mounting plugin AvfMedia
LogPluginManager: Mounting plugin ImgMedia
LogPluginManager: Mounting plugin MediaCompositing
LogPluginManager: Mounting plugin MediaPlayerEditor
LogPluginManager: Mounting plugin WebMMedia
LogPluginManager: Mounting plugin WmfMedia
LogPluginManager: Mounting plugin MeshPainting
LogPluginManager: Mounting plugin TcpMessaging
LogPluginManager: Mounting plugin UdpMessaging
LogPluginManager: Mounting plugin ActorSequence
LogPluginManager: Mounting plugin LevelSequenceEditor
LogPluginManager: Mounting plugin MatineeToLevelSequence
LogPluginManager: Mounting plugin MovieRenderPipeline
LogPluginManager: Mounting plugin TemplateSequence
LogPluginManager: Mounting plugin NetcodeUnitTest
LogPluginManager: Mounting plugin NUTUnrealEngine4
LogPluginManager: Mounting plugin OnlineSubsystemGooglePlay
LogPluginManager: Mounting plugin OnlineSubsystemIOS
LogPluginManager: Mounting plugin OnlineSubsystem
LogPluginManager: Mounting plugin OnlineSubsystemNull
LogPluginManager: Mounting plugin OnlineSubsystemUtils
LogPluginManager: Mounting plugin LauncherChunkInstaller
LogPluginManager: Mounting plugin AndroidDeviceProfileSelector
LogPluginManager: Mounting plugin AndroidMoviePlayer
LogPluginManager: Mounting plugin AndroidPermission
LogPluginManager: Mounting plugin AppleImageUtils
LogPluginManager: Mounting plugin AppleMoviePlayer
LogPluginManager: Mounting plugin ArchVisCharacter
LogPluginManager: Mounting plugin AssetTags
LogPluginManager: Mounting plugin AudioCapture
LogPluginManager: Mounting plugin CableComponent
LogPluginManager: Mounting plugin CustomMeshComponent
LogPluginManager: Mounting plugin EditableMesh
LogPluginManager: Mounting plugin ExampleDeviceProfileSelector
LogPluginManager: Mounting plugin GoogleCloudMessaging
LogPluginManager: Mounting plugin GooglePAD
LogPluginManager: Mounting plugin IOSDeviceProfileSelector
LogPluginManager: Mounting plugin LinuxDeviceProfileSelector
LogPluginManager: Mounting plugin LocationServicesBPLibrary
LogPluginManager: Mounting plugin MobilePatchingUtils
LogPluginManager: Mounting plugin OculusVR
LogPluginManager: Mounting plugin PhysXVehicles
LogPluginManager: Mounting plugin PostSplashScreen
LogPluginManager: Mounting plugin ProceduralMeshComponent
LogPluginManager: Mounting plugin RuntimePhysXCooking
LogPluginManager: Mounting plugin SignificanceManager
LogPluginManager: Mounting plugin SoundFields
LogPluginManager: Mounting plugin SteamVR
LogPluginManager: Mounting plugin Synthesis
LogPluginManager: Mounting plugin WebMMoviePlayer
LogPluginManager: Mounting plugin WindowsMoviePlayer
LogPluginManager: Mounting plugin ScreenshotTools
LogInit: Warning: Incompatible or missing module: CamManager
Running D:/Work/UE4/UE_4.25/Engine/Binaries/DotNET/UnrealBuildTool.exe Development Win64 -Project="D:/Work/P2/GitHub/UE4_Proj/CamManager_Move/CamManager/CamManager.uproject" -TargetType=Editor -Progress -NoEngineChanges -NoHotReloadFromIDE
Using 'git status' to determine working set for adaptive non-unity build (D:\Work\P2\GitHub\UE4_Proj\CamManager_Move).
Creating makefile for CamManagerEditor (no existing makefile)
@progress push 5%
Parsing headers for CamManagerEditor
  Running UnrealHeaderTool "D:\Work\P2\GitHub\UE4_Proj\CamManager_Move\CamManager\CamManager.uproject" "D:\Work\P2\GitHub\UE4_Proj\CamManager_Move\CamManager\Intermediate\Build\Win64\CamManagerEditor\Development\CamManagerEditor.uhtmanifest" -LogCmds="loginit warning, logexit warning, logdatabase error" -Unattended -WarningsAsErrors -abslog="C:\Users\Utilisateur\AppData\Local\UnrealBuildTool\Log_UHT.txt" -installed
Reflection code generated for CamManagerEditor in 5,5173251 seconds
@progress pop
Building CamManagerEditor...
Using Visual Studio 2019 14.27.29111 toolchain (C:\Program Files (x86)\Microsoft Visual Studio\2019\Community\VC\Tools\MSVC\14.27.29110) and Windows 10.0.18362.0 SDK (C:\Program Files (x86)\Windows Kits\10).
Building 39 actions with 12 processes...
  @progress 'Compiling C++ source code...' 0%
  @progress 'Compiling C++ source code...' 3%
  [1/39] Default.rc2
  @progress 'Compiling C++ source code...' 5%
  [2/39] SharedPCH.Engine.ShadowErrors.cpp
  @progress 'Compiling C++ source code...' 8%
  [3/39] CM_PlayerController.cpp
  @progress 'Compiling C++ source code...' 10%
  [4/39] ConsomableInfo.cpp
  @progress 'Compiling C++ source code...' 13%
  [5/39] CM_TargetStatsComponent.cpp
  @progress 'Compiling C++ source code...' 15%
  [6/39] CM_Potion.cpp
  @progress 'Compiling C++ source code...' 18%
  [7/39] CM_InventorySlot.cpp
  @progress 'Compiling C++ source code...' 21%
  [8/39] ITarget.cpp
  @progress 'Compiling C++ source code...' 23%
  [9/39] CM_Camera.cpp
  @progress 'Compiling C++ source code...' 26%
  [10/39] CM_CameraTPS.cpp
  @progress 'Compiling C++ source code...' 28%
  [11/39] CM_InventoryComponent.cpp
  @progress 'Compiling C++ source code...' 31%
  [12/39] CM_CameraManager.cpp
  @progress 'Compiling C++ source code...' 33%
  [13/39] CM_PlayerMouvement.cpp
  @progress 'Compiling C++ source code...' 36%
  [14/39] CamManagerGameModeBase.cpp
  @progress 'Compiling C++ source code...' 38%
  [15/39] CM_Item.cpp
  @progress 'Compiling C++ source code...' 41%
  [16/39] CamManager.cpp
  @progress 'Compiling C++ source code...' 44%
  [17/39] IConsomable.cpp
  @progress 'Compiling C++ source code...' 46%
  [18/39] CamManager.init.gen.cpp
  @progress 'Compiling C++ source code...' 49%
  [19/39] CM_Camera.gen.cpp
  @progress 'Compiling C++ source code...' 51%
  [20/39] CM_InventorySlot.gen.cpp
  @progress 'Compiling C++ source code...' 54%
  [21/39] CM_CameraTPS.gen.cpp
  @progress 'Compiling C++ source code...' 56%
  [22/39] CM_Item.gen.cpp
  @progress 'Compiling C++ source code...' 59%
  [23/39] CM_CameraManager.gen.cpp
  @progress 'Compiling C++ source code...' 62%
  [24/39] CM_InventoryComponent.gen.cpp
  @progress 'Compiling C++ source code...' 64%
  [25/39] CM_Player.cpp
  @progress 'Compiling C++ source code...' 67%
  [26/39] CamManagerGameModeBase.gen.cpp
  @progress 'Compiling C++ source code...' 69%
  [27/39] CM_TargetStatsComponent.gen.cpp
  @progress 'Compiling C++ source code...' 72%
  [28/39] CM_Potion.gen.cpp
  @progress 'Compiling C++ source code...' 74%
  [29/39] CamSettings.gen.cpp
  @progress 'Compiling C++ source code...' 77%
  [30/39] CM_Player.gen.cpp
  @progress 'Compiling C++ source code...' 79%
  [31/39] CamSettings.cpp
  @progress 'Compiling C++ source code...' 82%
  [32/39] CM_PlayerMouvement.gen.cpp
  @progress 'Compiling C++ source code...' 85%
  [33/39] CM_PlayerController.gen.cpp
  @progress 'Compiling C++ source code...' 87%
  [34/39] ConsomableInfo.gen.cpp
  @progress 'Compiling C++ source code...' 90%
  [35/39] ITarget.gen.cpp
  @progress 'Compiling C++ source code...' 92%
  [36/39] IConsomable.gen.cpp
  D:\Work\P2\GitHub\UE4_Proj\CamManager_Move\CamManager\Intermediate\Build\Win64\UE4Editor\Inc\CamManager\IConsomable.gen.cpp(33) : error C4700: variable locale 'Parms' non initialis?e utilis?e
  D:\Work\P2\GitHub\UE4_Proj\CamManager_Move\CamManager\Intermediate\Build\Win64\UE4Editor\Inc\CamManager\IConsomable.gen.cpp(146) : warning C4701: variable locale 'Parms' potentiellement non initialis?e utilis?e
LogInit: Warning: Still incompatible or missing module: CamManager
LogCore: Engine exit requested (reason: EngineExit() was called)
LogExit: Preparing to exit.
LogModuleManager: Shutting down and abandoning module DesktopPlatform (46)
LogModuleManager: Shutting down and abandoning module PlatformCryptoOpenSSL (44)
LogModuleManager: Shutting down and abandoning module PlatformCryptoTypes (42)
LogModuleManager: Shutting down and abandoning module PlatformCrypto (40)
LogModuleManager: Shutting down and abandoning module AnimationModifiers (38)
LogModuleManager: Shutting down and abandoning module PropertyEditor (37)
LogModuleManager: Shutting down and abandoning module AudioEditor (34)
LogModuleManager: Shutting down and abandoning module TextureCompressor (32)
LogModuleManager: Shutting down and abandoning module RenderCore (30)
LogModuleManager: Shutting down and abandoning module Landscape (28)
LogModuleManager: Shutting down and abandoning module SlateRHIRenderer (26)
LogModuleManager: Shutting down and abandoning module OpenGLDrv (24)
LogModuleManager: Shutting down and abandoning module D3D11RHI (22)
LogModuleManager: Shutting down and abandoning module AnimGraphRuntime (20)
LogModuleManager: Shutting down and abandoning module Renderer (18)
LogModuleManager: Shutting down and abandoning module Engine (16)
LogModuleManager: Shutting down and abandoning module CoreUObject (14)
LogModuleManager: Shutting down and abandoning module NetworkFile (12)
LogModuleManager: Shutting down and abandoning module CookedIterativeFile (10)
LogModuleManager: Shutting down and abandoning module StreamingFile (8)
LogModuleManager: Shutting down and abandoning module SandboxFile (6)
LogModuleManager: Shutting down and abandoning module PakFile (4)
LogModuleManager: Shutting down and abandoning module RSA (3)
LogExit: Exiting.
Log file closed, 03/18/21 14:52:02
